DEB [20210106-15:15:25.386] thr=1   paramiko.transport: starting thread (client mode): 0x46a16af0
DEB [20210106-15:15:25.388] thr=1   paramiko.transport: Local version/idstring: SSH-2.0-paramiko_2.7.2
DEB [20210106-15:15:25.396] thr=1   paramiko.transport: Remote version/idstring: SSH-2.0-OpenSSH_4.7p1 Debian-8ubuntu1
INF [20210106-15:15:25.396] thr=1   paramiko.transport: Connected (version 2.0, client OpenSSH_4.7p1)
DEB [20210106-15:15:25.400] thr=1   paramiko.transport: kex algos:['diffie-hellman-group-exchange-sha256', 'diffie-hellman-group-exchange-sha1', 'diffie-hellman-group14-sha1', 'diffie-hellman-group1-sha1'] server key:['ssh-rsa', 'ssh-dss'] client encrypt:['aes128-cbc', '3des-cbc', 'blowfish-cbc', 'cast128-cbc', 'arcfour128', 'arcfour256', 'arcfour', 'aes192-cbc', 'aes256-cbc', 'rijndael-cbc@lysator.liu.se', 'aes128-ctr', 'aes192-ctr', 'aes256-ctr'] server encrypt:['aes128-cbc', '3des-cbc', 'blowfish-cbc', 'cast128-cbc', 'arcfour128', 'arcfour256', 'arcfour', 'aes192-cbc', 'aes256-cbc', 'rijndael-cbc@lysator.liu.se', 'aes128-ctr', 'aes192-ctr', 'aes256-ctr'] client mac:['hmac-md5', 'hmac-sha1', 'umac-64@openssh.com', 'hmac-ripemd160', 'hmac-ripemd160@openssh.com', 'hmac-sha1-96', 'hmac-md5-96'] server mac:['hmac-md5', 'hmac-sha1', 'umac-64@openssh.com', 'hmac-ripemd160', 'hmac-ripemd160@openssh.com', 'hmac-sha1-96', 'hmac-md5-96'] client compress:['none', 'zlib@openssh.com'] server compress:['none', 'zlib@openssh.com'] client lang:[''] server lang:[''] kex follows?False
DEB [20210106-15:15:25.402] thr=1   paramiko.transport: Kex agreed: diffie-hellman-group-exchange-sha256
DEB [20210106-15:15:25.402] thr=1   paramiko.transport: HostKey agreed: ssh-rsa
DEB [20210106-15:15:25.403] thr=1   paramiko.transport: Cipher agreed: aes128-ctr
DEB [20210106-15:15:25.403] thr=1   paramiko.transport: MAC agreed: hmac-sha1
DEB [20210106-15:15:25.403] thr=1   paramiko.transport: Compression agreed: none
DEB [20210106-15:15:25.412] thr=1   paramiko.transport: Got server p (2048 bits)
DEB [20210106-15:15:25.592] thr=1   paramiko.transport: kex engine KexGexSHA256 specified hash_algo <built-in function openssl_sha256>
DEB [20210106-15:15:25.594] thr=1   paramiko.transport: Switch to new keys ...
DEB [20210106-15:15:25.595] thr=2   paramiko.transport: Adding ssh-rsa host key for 192.168.1.61: b'5656240f211ddea72bae61b1243de8f3'
DEB [20210106-15:15:25.684] thr=2   paramiko.transport: Trying discovered key b'08367b315a8aebe0b26b0229add9ffd4' in C:\Users\Usuario/.ssh/id_rsa
DEB [20210106-15:15:25.688] thr=1   paramiko.transport: userauth is OK
INF [20210106-15:15:25.802] thr=1   paramiko.transport: Authentication (publickey) failed.
DEB [20210106-15:15:25.804] thr=1   paramiko.transport: userauth is OK
INF [20210106-15:15:27.419] thr=1   paramiko.transport: Authentication (password) failed.
DEB [20210106-15:15:30.431] thr=3   paramiko.transport: starting thread (client mode): 0x46ed17f0
DEB [20210106-15:15:30.432] thr=3   paramiko.transport: Local version/idstring: SSH-2.0-paramiko_2.7.2
DEB [20210106-15:15:30.445] thr=3   paramiko.transport: Remote version/idstring: SSH-2.0-OpenSSH_4.7p1 Debian-8ubuntu1
INF [20210106-15:15:30.445] thr=3   paramiko.transport: Connected (version 2.0, client OpenSSH_4.7p1)
DEB [20210106-15:15:30.451] thr=3   paramiko.transport: kex algos:['diffie-hellman-group-exchange-sha256', 'diffie-hellman-group-exchange-sha1', 'diffie-hellman-group14-sha1', 'diffie-hellman-group1-sha1'] server key:['ssh-rsa', 'ssh-dss'] client encrypt:['aes128-cbc', '3des-cbc', 'blowfish-cbc', 'cast128-cbc', 'arcfour128', 'arcfour256', 'arcfour', 'aes192-cbc', 'aes256-cbc', 'rijndael-cbc@lysator.liu.se', 'aes128-ctr', 'aes192-ctr', 'aes256-ctr'] server encrypt:['aes128-cbc', '3des-cbc', 'blowfish-cbc', 'cast128-cbc', 'arcfour128', 'arcfour256', 'arcfour', 'aes192-cbc', 'aes256-cbc', 'rijndael-cbc@lysator.liu.se', 'aes128-ctr', 'aes192-ctr', 'aes256-ctr'] client mac:['hmac-md5', 'hmac-sha1', 'umac-64@openssh.com', 'hmac-ripemd160', 'hmac-ripemd160@openssh.com', 'hmac-sha1-96', 'hmac-md5-96'] server mac:['hmac-md5', 'hmac-sha1', 'umac-64@openssh.com', 'hmac-ripemd160', 'hmac-ripemd160@openssh.com', 'hmac-sha1-96', 'hmac-md5-96'] client compress:['none', 'zlib@openssh.com'] server compress:['none', 'zlib@openssh.com'] client lang:[''] server lang:[''] kex follows?False
DEB [20210106-15:15:30.452] thr=3   paramiko.transport: Kex agreed: diffie-hellman-group-exchange-sha256
DEB [20210106-15:15:30.452] thr=3   paramiko.transport: HostKey agreed: ssh-rsa
DEB [20210106-15:15:30.452] thr=3   paramiko.transport: Cipher agreed: aes128-ctr
DEB [20210106-15:15:30.452] thr=3   paramiko.transport: MAC agreed: hmac-sha1
DEB [20210106-15:15:30.452] thr=3   paramiko.transport: Compression agreed: none
DEB [20210106-15:15:30.464] thr=3   paramiko.transport: Got server p (2048 bits)
DEB [20210106-15:15:30.647] thr=3   paramiko.transport: kex engine KexGexSHA256 specified hash_algo <built-in function openssl_sha256>
DEB [20210106-15:15:30.647] thr=3   paramiko.transport: Switch to new keys ...
DEB [20210106-15:15:30.647] thr=2   paramiko.transport: Adding ssh-rsa host key for 192.168.1.61: b'5656240f211ddea72bae61b1243de8f3'
DEB [20210106-15:15:30.709] thr=2   paramiko.transport: Trying discovered key b'08367b315a8aebe0b26b0229add9ffd4' in C:\Users\Usuario/.ssh/id_rsa
DEB [20210106-15:15:30.712] thr=3   paramiko.transport: userauth is OK
INF [20210106-15:15:30.834] thr=3   paramiko.transport: Authentication (publickey) failed.
DEB [20210106-15:15:30.838] thr=3   paramiko.transport: userauth is OK
INF [20210106-15:15:33.474] thr=3   paramiko.transport: Authentication (password) failed.
DEB [20210106-15:15:36.483] thr=4   paramiko.transport: starting thread (client mode): 0x46edbe80
DEB [20210106-15:15:36.483] thr=4   paramiko.transport: Local version/idstring: SSH-2.0-paramiko_2.7.2
DEB [20210106-15:15:36.527] thr=4   paramiko.transport: Remote version/idstring: SSH-2.0-OpenSSH_4.7p1 Debian-8ubuntu1
INF [20210106-15:15:36.527] thr=4   paramiko.transport: Connected (version 2.0, client OpenSSH_4.7p1)
DEB [20210106-15:15:36.530] thr=4   paramiko.transport: kex algos:['diffie-hellman-group-exchange-sha256', 'diffie-hellman-group-exchange-sha1', 'diffie-hellman-group14-sha1', 'diffie-hellman-group1-sha1'] server key:['ssh-rsa', 'ssh-dss'] client encrypt:['aes128-cbc', '3des-cbc', 'blowfish-cbc', 'cast128-cbc', 'arcfour128', 'arcfour256', 'arcfour', 'aes192-cbc', 'aes256-cbc', 'rijndael-cbc@lysator.liu.se', 'aes128-ctr', 'aes192-ctr', 'aes256-ctr'] server encrypt:['aes128-cbc', '3des-cbc', 'blowfish-cbc', 'cast128-cbc', 'arcfour128', 'arcfour256', 'arcfour', 'aes192-cbc', 'aes256-cbc', 'rijndael-cbc@lysator.liu.se', 'aes128-ctr', 'aes192-ctr', 'aes256-ctr'] client mac:['hmac-md5', 'hmac-sha1', 'umac-64@openssh.com', 'hmac-ripemd160', 'hmac-ripemd160@openssh.com', 'hmac-sha1-96', 'hmac-md5-96'] server mac:['hmac-md5', 'hmac-sha1', 'umac-64@openssh.com', 'hmac-ripemd160', 'hmac-ripemd160@openssh.com', 'hmac-sha1-96', 'hmac-md5-96'] client compress:['none', 'zlib@openssh.com'] server compress:['none', 'zlib@openssh.com'] client lang:[''] server lang:[''] kex follows?False
DEB [20210106-15:15:36.530] thr=4   paramiko.transport: Kex agreed: diffie-hellman-group-exchange-sha256
DEB [20210106-15:15:36.531] thr=4   paramiko.transport: HostKey agreed: ssh-rsa
DEB [20210106-15:15:36.531] thr=4   paramiko.transport: Cipher agreed: aes128-ctr
DEB [20210106-15:15:36.532] thr=4   paramiko.transport: MAC agreed: hmac-sha1
DEB [20210106-15:15:36.532] thr=4   paramiko.transport: Compression agreed: none
DEB [20210106-15:15:36.537] thr=4   paramiko.transport: Got server p (2048 bits)
DEB [20210106-15:15:36.713] thr=4   paramiko.transport: kex engine KexGexSHA256 specified hash_algo <built-in function openssl_sha256>
DEB [20210106-15:15:36.714] thr=4   paramiko.transport: Switch to new keys ...
DEB [20210106-15:15:36.714] thr=2   paramiko.transport: Adding ssh-rsa host key for 192.168.1.61: b'5656240f211ddea72bae61b1243de8f3'
DEB [20210106-15:15:36.779] thr=2   paramiko.transport: Trying discovered key b'08367b315a8aebe0b26b0229add9ffd4' in C:\Users\Usuario/.ssh/id_rsa
DEB [20210106-15:15:36.783] thr=4   paramiko.transport: userauth is OK
INF [20210106-15:15:36.862] thr=4   paramiko.transport: Authentication (publickey) failed.
DEB [20210106-15:15:36.866] thr=4   paramiko.transport: userauth is OK
INF [20210106-15:15:38.673] thr=4   paramiko.transport: Authentication (password) failed.
DEB [20210106-15:15:41.678] thr=5   paramiko.transport: starting thread (client mode): 0x47473520
DEB [20210106-15:15:41.679] thr=5   paramiko.transport: Local version/idstring: SSH-2.0-paramiko_2.7.2
DEB [20210106-15:15:41.685] thr=5   paramiko.transport: Remote version/idstring: SSH-2.0-OpenSSH_4.7p1 Debian-8ubuntu1
INF [20210106-15:15:41.689] thr=5   paramiko.transport: Connected (version 2.0, client OpenSSH_4.7p1)
DEB [20210106-15:15:41.692] thr=5   paramiko.transport: kex algos:['diffie-hellman-group-exchange-sha256', 'diffie-hellman-group-exchange-sha1', 'diffie-hellman-group14-sha1', 'diffie-hellman-group1-sha1'] server key:['ssh-rsa', 'ssh-dss'] client encrypt:['aes128-cbc', '3des-cbc', 'blowfish-cbc', 'cast128-cbc', 'arcfour128', 'arcfour256', 'arcfour', 'aes192-cbc', 'aes256-cbc', 'rijndael-cbc@lysator.liu.se', 'aes128-ctr', 'aes192-ctr', 'aes256-ctr'] server encrypt:['aes128-cbc', '3des-cbc', 'blowfish-cbc', 'cast128-cbc', 'arcfour128', 'arcfour256', 'arcfour', 'aes192-cbc', 'aes256-cbc', 'rijndael-cbc@lysator.liu.se', 'aes128-ctr', 'aes192-ctr', 'aes256-ctr'] client mac:['hmac-md5', 'hmac-sha1', 'umac-64@openssh.com', 'hmac-ripemd160', 'hmac-ripemd160@openssh.com', 'hmac-sha1-96', 'hmac-md5-96'] server mac:['hmac-md5', 'hmac-sha1', 'umac-64@openssh.com', 'hmac-ripemd160', 'hmac-ripemd160@openssh.com', 'hmac-sha1-96', 'hmac-md5-96'] client compress:['none', 'zlib@openssh.com'] server compress:['none', 'zlib@openssh.com'] client lang:[''] server lang:[''] kex follows?False
DEB [20210106-15:15:41.692] thr=5   paramiko.transport: Kex agreed: diffie-hellman-group-exchange-sha256
DEB [20210106-15:15:41.692] thr=5   paramiko.transport: HostKey agreed: ssh-rsa
DEB [20210106-15:15:41.694] thr=5   paramiko.transport: Cipher agreed: aes128-ctr
DEB [20210106-15:15:41.694] thr=5   paramiko.transport: MAC agreed: hmac-sha1
DEB [20210106-15:15:41.694] thr=5   paramiko.transport: Compression agreed: none
DEB [20210106-15:15:41.703] thr=5   paramiko.transport: Got server p (2048 bits)
DEB [20210106-15:15:41.955] thr=5   paramiko.transport: kex engine KexGexSHA256 specified hash_algo <built-in function openssl_sha256>
DEB [20210106-15:15:41.958] thr=5   paramiko.transport: Switch to new keys ...
DEB [20210106-15:15:41.959] thr=2   paramiko.transport: Adding ssh-rsa host key for 192.168.1.61: b'5656240f211ddea72bae61b1243de8f3'
DEB [20210106-15:15:42.043] thr=2   paramiko.transport: Trying discovered key b'08367b315a8aebe0b26b0229add9ffd4' in C:\Users\Usuario/.ssh/id_rsa
DEB [20210106-15:15:42.045] thr=5   paramiko.transport: userauth is OK
INF [20210106-15:15:42.209] thr=5   paramiko.transport: Authentication (publickey) failed.
DEB [20210106-15:15:42.211] thr=5   paramiko.transport: userauth is OK
INF [20210106-15:15:44.687] thr=5   paramiko.transport: Authentication (password) failed.
DEB [20210106-15:15:47.701] thr=6   paramiko.transport: starting thread (client mode): 0x46e57c40
DEB [20210106-15:15:47.703] thr=6   paramiko.transport: Local version/idstring: SSH-2.0-paramiko_2.7.2
DEB [20210106-15:15:47.703] thr=6   paramiko.transport: Remote version/idstring: SSH-2.0-OpenSSH_4.7p1 Debian-8ubuntu1
INF [20210106-15:15:47.703] thr=6   paramiko.transport: Connected (version 2.0, client OpenSSH_4.7p1)
DEB [20210106-15:15:47.704] thr=6   paramiko.transport: kex algos:['diffie-hellman-group-exchange-sha256', 'diffie-hellman-group-exchange-sha1', 'diffie-hellman-group14-sha1', 'diffie-hellman-group1-sha1'] server key:['ssh-rsa', 'ssh-dss'] client encrypt:['aes128-cbc', '3des-cbc', 'blowfish-cbc', 'cast128-cbc', 'arcfour128', 'arcfour256', 'arcfour', 'aes192-cbc', 'aes256-cbc', 'rijndael-cbc@lysator.liu.se', 'aes128-ctr', 'aes192-ctr', 'aes256-ctr'] server encrypt:['aes128-cbc', '3des-cbc', 'blowfish-cbc', 'cast128-cbc', 'arcfour128', 'arcfour256', 'arcfour', 'aes192-cbc', 'aes256-cbc', 'rijndael-cbc@lysator.liu.se', 'aes128-ctr', 'aes192-ctr', 'aes256-ctr'] client mac:['hmac-md5', 'hmac-sha1', 'umac-64@openssh.com', 'hmac-ripemd160', 'hmac-ripemd160@openssh.com', 'hmac-sha1-96', 'hmac-md5-96'] server mac:['hmac-md5', 'hmac-sha1', 'umac-64@openssh.com', 'hmac-ripemd160', 'hmac-ripemd160@openssh.com', 'hmac-sha1-96', 'hmac-md5-96'] client compress:['none', 'zlib@openssh.com'] server compress:['none', 'zlib@openssh.com'] client lang:[''] server lang:[''] kex follows?False
DEB [20210106-15:15:47.704] thr=6   paramiko.transport: Kex agreed: diffie-hellman-group-exchange-sha256
DEB [20210106-15:15:47.704] thr=6   paramiko.transport: HostKey agreed: ssh-rsa
DEB [20210106-15:15:47.704] thr=6   paramiko.transport: Cipher agreed: aes128-ctr
DEB [20210106-15:15:47.704] thr=6   paramiko.transport: MAC agreed: hmac-sha1
DEB [20210106-15:15:47.704] thr=6   paramiko.transport: Compression agreed: none
DEB [20210106-15:15:47.752] thr=6   paramiko.transport: Got server p (2048 bits)
DEB [20210106-15:15:47.869] thr=6   paramiko.transport: kex engine KexGexSHA256 specified hash_algo <built-in function openssl_sha256>
DEB [20210106-15:15:47.870] thr=6   paramiko.transport: Switch to new keys ...
DEB [20210106-15:15:47.871] thr=2   paramiko.transport: Adding ssh-rsa host key for 192.168.1.61: b'5656240f211ddea72bae61b1243de8f3'
DEB [20210106-15:15:47.904] thr=2   paramiko.transport: Trying discovered key b'08367b315a8aebe0b26b0229add9ffd4' in C:\Users\Usuario/.ssh/id_rsa
DEB [20210106-15:15:47.906] thr=6   paramiko.transport: userauth is OK
INF [20210106-15:15:48.023] thr=6   paramiko.transport: Authentication (publickey) failed.
DEB [20210106-15:15:48.025] thr=6   paramiko.transport: userauth is OK
INF [20210106-15:15:50.335] thr=6   paramiko.transport: Authentication (password) failed.
DEB [20210106-15:15:53.340] thr=7   paramiko.transport: starting thread (client mode): 0x47479070
DEB [20210106-15:15:53.341] thr=7   paramiko.transport: Local version/idstring: SSH-2.0-paramiko_2.7.2
DEB [20210106-15:15:53.351] thr=7   paramiko.transport: Remote version/idstring: SSH-2.0-OpenSSH_4.7p1 Debian-8ubuntu1
INF [20210106-15:15:53.351] thr=7   paramiko.transport: Connected (version 2.0, client OpenSSH_4.7p1)
DEB [20210106-15:15:53.354] thr=7   paramiko.transport: kex algos:['diffie-hellman-group-exchange-sha256', 'diffie-hellman-group-exchange-sha1', 'diffie-hellman-group14-sha1', 'diffie-hellman-group1-sha1'] server key:['ssh-rsa', 'ssh-dss'] client encrypt:['aes128-cbc', '3des-cbc', 'blowfish-cbc', 'cast128-cbc', 'arcfour128', 'arcfour256', 'arcfour', 'aes192-cbc', 'aes256-cbc', 'rijndael-cbc@lysator.liu.se', 'aes128-ctr', 'aes192-ctr', 'aes256-ctr'] server encrypt:['aes128-cbc', '3des-cbc', 'blowfish-cbc', 'cast128-cbc', 'arcfour128', 'arcfour256', 'arcfour', 'aes192-cbc', 'aes256-cbc', 'rijndael-cbc@lysator.liu.se', 'aes128-ctr', 'aes192-ctr', 'aes256-ctr'] client mac:['hmac-md5', 'hmac-sha1', 'umac-64@openssh.com', 'hmac-ripemd160', 'hmac-ripemd160@openssh.com', 'hmac-sha1-96', 'hmac-md5-96'] server mac:['hmac-md5', 'hmac-sha1', 'umac-64@openssh.com', 'hmac-ripemd160', 'hmac-ripemd160@openssh.com', 'hmac-sha1-96', 'hmac-md5-96'] client compress:['none', 'zlib@openssh.com'] server compress:['none', 'zlib@openssh.com'] client lang:[''] server lang:[''] kex follows?False
DEB [20210106-15:15:53.354] thr=7   paramiko.transport: Kex agreed: diffie-hellman-group-exchange-sha256
DEB [20210106-15:15:53.354] thr=7   paramiko.transport: HostKey agreed: ssh-rsa
DEB [20210106-15:15:53.354] thr=7   paramiko.transport: Cipher agreed: aes128-ctr
DEB [20210106-15:15:53.354] thr=7   paramiko.transport: MAC agreed: hmac-sha1
DEB [20210106-15:15:53.354] thr=7   paramiko.transport: Compression agreed: none
DEB [20210106-15:15:53.358] thr=7   paramiko.transport: Got server p (2048 bits)
DEB [20210106-15:15:53.538] thr=7   paramiko.transport: kex engine KexGexSHA256 specified hash_algo <built-in function openssl_sha256>
DEB [20210106-15:15:53.539] thr=7   paramiko.transport: Switch to new keys ...
DEB [20210106-15:15:53.539] thr=2   paramiko.transport: Adding ssh-rsa host key for 192.168.1.61: b'5656240f211ddea72bae61b1243de8f3'
DEB [20210106-15:15:53.576] thr=2   paramiko.transport: Trying discovered key b'08367b315a8aebe0b26b0229add9ffd4' in C:\Users\Usuario/.ssh/id_rsa
DEB [20210106-15:15:53.581] thr=7   paramiko.transport: userauth is OK
INF [20210106-15:15:53.656] thr=7   paramiko.transport: Authentication (publickey) failed.
DEB [20210106-15:15:53.658] thr=7   paramiko.transport: userauth is OK
INF [20210106-15:15:56.121] thr=7   paramiko.transport: Authentication (password) failed.
DEB [20210106-15:15:59.127] thr=8   paramiko.transport: starting thread (client mode): 0x47480640
DEB [20210106-15:15:59.129] thr=8   paramiko.transport: Local version/idstring: SSH-2.0-paramiko_2.7.2
DEB [20210106-15:15:59.136] thr=8   paramiko.transport: Remote version/idstring: SSH-2.0-OpenSSH_4.7p1 Debian-8ubuntu1
INF [20210106-15:15:59.136] thr=8   paramiko.transport: Connected (version 2.0, client OpenSSH_4.7p1)
DEB [20210106-15:15:59.140] thr=8   paramiko.transport: kex algos:['diffie-hellman-group-exchange-sha256', 'diffie-hellman-group-exchange-sha1', 'diffie-hellman-group14-sha1', 'diffie-hellman-group1-sha1'] server key:['ssh-rsa', 'ssh-dss'] client encrypt:['aes128-cbc', '3des-cbc', 'blowfish-cbc', 'cast128-cbc', 'arcfour128', 'arcfour256', 'arcfour', 'aes192-cbc', 'aes256-cbc', 'rijndael-cbc@lysator.liu.se', 'aes128-ctr', 'aes192-ctr', 'aes256-ctr'] server encrypt:['aes128-cbc', '3des-cbc', 'blowfish-cbc', 'cast128-cbc', 'arcfour128', 'arcfour256', 'arcfour', 'aes192-cbc', 'aes256-cbc', 'rijndael-cbc@lysator.liu.se', 'aes128-ctr', 'aes192-ctr', 'aes256-ctr'] client mac:['hmac-md5', 'hmac-sha1', 'umac-64@openssh.com', 'hmac-ripemd160', 'hmac-ripemd160@openssh.com', 'hmac-sha1-96', 'hmac-md5-96'] server mac:['hmac-md5', 'hmac-sha1', 'umac-64@openssh.com', 'hmac-ripemd160', 'hmac-ripemd160@openssh.com', 'hmac-sha1-96', 'hmac-md5-96'] client compress:['none', 'zlib@openssh.com'] server compress:['none', 'zlib@openssh.com'] client lang:[''] server lang:[''] kex follows?False
DEB [20210106-15:15:59.142] thr=8   paramiko.transport: Kex agreed: diffie-hellman-group-exchange-sha256
DEB [20210106-15:15:59.142] thr=8   paramiko.transport: HostKey agreed: ssh-rsa
DEB [20210106-15:15:59.142] thr=8   paramiko.transport: Cipher agreed: aes128-ctr
DEB [20210106-15:15:59.143] thr=8   paramiko.transport: MAC agreed: hmac-sha1
DEB [20210106-15:15:59.143] thr=8   paramiko.transport: Compression agreed: none
DEB [20210106-15:15:59.146] thr=8   paramiko.transport: Got server p (2048 bits)
DEB [20210106-15:15:59.392] thr=8   paramiko.transport: kex engine KexGexSHA256 specified hash_algo <built-in function openssl_sha256>
DEB [20210106-15:15:59.392] thr=8   paramiko.transport: Switch to new keys ...
DEB [20210106-15:15:59.392] thr=2   paramiko.transport: Adding ssh-rsa host key for 192.168.1.61: b'5656240f211ddea72bae61b1243de8f3'
DEB [20210106-15:15:59.460] thr=2   paramiko.transport: Trying discovered key b'08367b315a8aebe0b26b0229add9ffd4' in C:\Users\Usuario/.ssh/id_rsa
DEB [20210106-15:15:59.460] thr=8   paramiko.transport: userauth is OK
INF [20210106-15:15:59.602] thr=8   paramiko.transport: Authentication (publickey) failed.
DEB [20210106-15:15:59.604] thr=8   paramiko.transport: userauth is OK
INF [20210106-15:16:01.895] thr=8   paramiko.transport: Authentication (password) failed.
DEB [20210106-15:16:04.901] thr=9   paramiko.transport: starting thread (client mode): 0x47484c10
DEB [20210106-15:16:04.901] thr=9   paramiko.transport: Local version/idstring: SSH-2.0-paramiko_2.7.2
DEB [20210106-15:16:04.906] thr=9   paramiko.transport: Remote version/idstring: SSH-2.0-OpenSSH_4.7p1 Debian-8ubuntu1
INF [20210106-15:16:04.908] thr=9   paramiko.transport: Connected (version 2.0, client OpenSSH_4.7p1)
DEB [20210106-15:16:04.909] thr=9   paramiko.transport: kex algos:['diffie-hellman-group-exchange-sha256', 'diffie-hellman-group-exchange-sha1', 'diffie-hellman-group14-sha1', 'diffie-hellman-group1-sha1'] server key:['ssh-rsa', 'ssh-dss'] client encrypt:['aes128-cbc', '3des-cbc', 'blowfish-cbc', 'cast128-cbc', 'arcfour128', 'arcfour256', 'arcfour', 'aes192-cbc', 'aes256-cbc', 'rijndael-cbc@lysator.liu.se', 'aes128-ctr', 'aes192-ctr', 'aes256-ctr'] server encrypt:['aes128-cbc', '3des-cbc', 'blowfish-cbc', 'cast128-cbc', 'arcfour128', 'arcfour256', 'arcfour', 'aes192-cbc', 'aes256-cbc', 'rijndael-cbc@lysator.liu.se', 'aes128-ctr', 'aes192-ctr', 'aes256-ctr'] client mac:['hmac-md5', 'hmac-sha1', 'umac-64@openssh.com', 'hmac-ripemd160', 'hmac-ripemd160@openssh.com', 'hmac-sha1-96', 'hmac-md5-96'] server mac:['hmac-md5', 'hmac-sha1', 'umac-64@openssh.com', 'hmac-ripemd160', 'hmac-ripemd160@openssh.com', 'hmac-sha1-96', 'hmac-md5-96'] client compress:['none', 'zlib@openssh.com'] server compress:['none', 'zlib@openssh.com'] client lang:[''] server lang:[''] kex follows?False
DEB [20210106-15:16:04.910] thr=9   paramiko.transport: Kex agreed: diffie-hellman-group-exchange-sha256
DEB [20210106-15:16:04.910] thr=9   paramiko.transport: HostKey agreed: ssh-rsa
DEB [20210106-15:16:04.911] thr=9   paramiko.transport: Cipher agreed: aes128-ctr
DEB [20210106-15:16:04.911] thr=9   paramiko.transport: MAC agreed: hmac-sha1
DEB [20210106-15:16:04.911] thr=9   paramiko.transport: Compression agreed: none
DEB [20210106-15:16:04.915] thr=9   paramiko.transport: Got server p (2048 bits)
DEB [20210106-15:16:05.050] thr=9   paramiko.transport: kex engine KexGexSHA256 specified hash_algo <built-in function openssl_sha256>
DEB [20210106-15:16:05.050] thr=9   paramiko.transport: Switch to new keys ...
DEB [20210106-15:16:05.051] thr=2   paramiko.transport: Adding ssh-rsa host key for 192.168.1.61: b'5656240f211ddea72bae61b1243de8f3'
DEB [20210106-15:16:05.085] thr=2   paramiko.transport: Trying discovered key b'08367b315a8aebe0b26b0229add9ffd4' in C:\Users\Usuario/.ssh/id_rsa
DEB [20210106-15:16:05.085] thr=9   paramiko.transport: userauth is OK
INF [20210106-15:16:05.328] thr=9   paramiko.transport: Authentication (publickey) failed.
DEB [20210106-15:16:05.333] thr=9   paramiko.transport: userauth is OK
INF [20210106-15:16:07.770] thr=9   paramiko.transport: Authentication (password) failed.
DEB [20210106-15:16:10.779] thr=10  paramiko.transport: starting thread (client mode): 0x47475730
DEB [20210106-15:16:10.780] thr=10  paramiko.transport: Local version/idstring: SSH-2.0-paramiko_2.7.2
DEB [20210106-15:16:10.791] thr=10  paramiko.transport: Remote version/idstring: SSH-2.0-OpenSSH_4.7p1 Debian-8ubuntu1
INF [20210106-15:16:10.791] thr=10  paramiko.transport: Connected (version 2.0, client OpenSSH_4.7p1)
DEB [20210106-15:16:10.794] thr=10  paramiko.transport: kex algos:['diffie-hellman-group-exchange-sha256', 'diffie-hellman-group-exchange-sha1', 'diffie-hellman-group14-sha1', 'diffie-hellman-group1-sha1'] server key:['ssh-rsa', 'ssh-dss'] client encrypt:['aes128-cbc', '3des-cbc', 'blowfish-cbc', 'cast128-cbc', 'arcfour128', 'arcfour256', 'arcfour', 'aes192-cbc', 'aes256-cbc', 'rijndael-cbc@lysator.liu.se', 'aes128-ctr', 'aes192-ctr', 'aes256-ctr'] server encrypt:['aes128-cbc', '3des-cbc', 'blowfish-cbc', 'cast128-cbc', 'arcfour128', 'arcfour256', 'arcfour', 'aes192-cbc', 'aes256-cbc', 'rijndael-cbc@lysator.liu.se', 'aes128-ctr', 'aes192-ctr', 'aes256-ctr'] client mac:['hmac-md5', 'hmac-sha1', 'umac-64@openssh.com', 'hmac-ripemd160', 'hmac-ripemd160@openssh.com', 'hmac-sha1-96', 'hmac-md5-96'] server mac:['hmac-md5', 'hmac-sha1', 'umac-64@openssh.com', 'hmac-ripemd160', 'hmac-ripemd160@openssh.com', 'hmac-sha1-96', 'hmac-md5-96'] client compress:['none', 'zlib@openssh.com'] server compress:['none', 'zlib@openssh.com'] client lang:[''] server lang:[''] kex follows?False
DEB [20210106-15:16:10.795] thr=10  paramiko.transport: Kex agreed: diffie-hellman-group-exchange-sha256
DEB [20210106-15:16:10.795] thr=10  paramiko.transport: HostKey agreed: ssh-rsa
DEB [20210106-15:16:10.795] thr=10  paramiko.transport: Cipher agreed: aes128-ctr
DEB [20210106-15:16:10.795] thr=10  paramiko.transport: MAC agreed: hmac-sha1
DEB [20210106-15:16:10.795] thr=10  paramiko.transport: Compression agreed: none
DEB [20210106-15:16:10.804] thr=10  paramiko.transport: Got server p (2048 bits)
DEB [20210106-15:16:11.041] thr=10  paramiko.transport: kex engine KexGexSHA256 specified hash_algo <built-in function openssl_sha256>
DEB [20210106-15:16:11.042] thr=10  paramiko.transport: Switch to new keys ...
DEB [20210106-15:16:11.042] thr=2   paramiko.transport: Adding ssh-rsa host key for 192.168.1.61: b'5656240f211ddea72bae61b1243de8f3'
DEB [20210106-15:16:11.087] thr=2   paramiko.transport: Trying discovered key b'08367b315a8aebe0b26b0229add9ffd4' in C:\Users\Usuario/.ssh/id_rsa
DEB [20210106-15:16:11.089] thr=10  paramiko.transport: userauth is OK
INF [20210106-15:16:11.211] thr=10  paramiko.transport: Authentication (publickey) failed.
DEB [20210106-15:16:11.211] thr=10  paramiko.transport: userauth is OK
INF [20210106-15:16:13.007] thr=10  paramiko.transport: Authentication (password) failed.
DEB [20210106-15:16:16.013] thr=11  paramiko.transport: starting thread (client mode): 0x4748b1f0
DEB [20210106-15:16:16.014] thr=11  paramiko.transport: Local version/idstring: SSH-2.0-paramiko_2.7.2
DEB [20210106-15:16:16.019] thr=11  paramiko.transport: Remote version/idstring: SSH-2.0-OpenSSH_4.7p1 Debian-8ubuntu1
INF [20210106-15:16:16.019] thr=11  paramiko.transport: Connected (version 2.0, client OpenSSH_4.7p1)
DEB [20210106-15:16:16.025] thr=11  paramiko.transport: kex algos:['diffie-hellman-group-exchange-sha256', 'diffie-hellman-group-exchange-sha1', 'diffie-hellman-group14-sha1', 'diffie-hellman-group1-sha1'] server key:['ssh-rsa', 'ssh-dss'] client encrypt:['aes128-cbc', '3des-cbc', 'blowfish-cbc', 'cast128-cbc', 'arcfour128', 'arcfour256', 'arcfour', 'aes192-cbc', 'aes256-cbc', 'rijndael-cbc@lysator.liu.se', 'aes128-ctr', 'aes192-ctr', 'aes256-ctr'] server encrypt:['aes128-cbc', '3des-cbc', 'blowfish-cbc', 'cast128-cbc', 'arcfour128', 'arcfour256', 'arcfour', 'aes192-cbc', 'aes256-cbc', 'rijndael-cbc@lysator.liu.se', 'aes128-ctr', 'aes192-ctr', 'aes256-ctr'] client mac:['hmac-md5', 'hmac-sha1', 'umac-64@openssh.com', 'hmac-ripemd160', 'hmac-ripemd160@openssh.com', 'hmac-sha1-96', 'hmac-md5-96'] server mac:['hmac-md5', 'hmac-sha1', 'umac-64@openssh.com', 'hmac-ripemd160', 'hmac-ripemd160@openssh.com', 'hmac-sha1-96', 'hmac-md5-96'] client compress:['none', 'zlib@openssh.com'] server compress:['none', 'zlib@openssh.com'] client lang:[''] server lang:[''] kex follows?False
DEB [20210106-15:16:16.025] thr=11  paramiko.transport: Kex agreed: diffie-hellman-group-exchange-sha256
DEB [20210106-15:16:16.026] thr=11  paramiko.transport: HostKey agreed: ssh-rsa
DEB [20210106-15:16:16.026] thr=11  paramiko.transport: Cipher agreed: aes128-ctr
DEB [20210106-15:16:16.026] thr=11  paramiko.transport: MAC agreed: hmac-sha1
DEB [20210106-15:16:16.026] thr=11  paramiko.transport: Compression agreed: none
DEB [20210106-15:16:16.033] thr=11  paramiko.transport: Got server p (2048 bits)
DEB [20210106-15:16:16.192] thr=11  paramiko.transport: kex engine KexGexSHA256 specified hash_algo <built-in function openssl_sha256>
DEB [20210106-15:16:16.192] thr=11  paramiko.transport: Switch to new keys ...
DEB [20210106-15:16:16.193] thr=2   paramiko.transport: Adding ssh-rsa host key for 192.168.1.61: b'5656240f211ddea72bae61b1243de8f3'
DEB [20210106-15:16:16.226] thr=2   paramiko.transport: Trying discovered key b'08367b315a8aebe0b26b0229add9ffd4' in C:\Users\Usuario/.ssh/id_rsa
DEB [20210106-15:16:16.234] thr=11  paramiko.transport: userauth is OK
INF [20210106-15:16:16.284] thr=11  paramiko.transport: Authentication (publickey) failed.
DEB [20210106-15:16:16.285] thr=11  paramiko.transport: userauth is OK
INF [20210106-15:16:18.104] thr=11  paramiko.transport: Authentication (password) failed.
DEB [20210106-15:16:21.112] thr=12  paramiko.transport: starting thread (client mode): 0x474907c0
DEB [20210106-15:16:21.113] thr=12  paramiko.transport: Local version/idstring: SSH-2.0-paramiko_2.7.2
ERR [20210106-15:16:21.115] thr=12  paramiko.transport: Exception: Error reading SSH protocol banner[WinError 10053] Se ha anulado una conexión establecida por el software en su equipo host
ERR [20210106-15:16:21.119] thr=12  paramiko.transport: Traceback (most recent call last):
ERR [20210106-15:16:21.119] thr=12  paramiko.transport:   File "C:\ProgramData\Anaconda3\lib\site-packages\paramiko\transport.py", line 2211, in _check_banner
ERR [20210106-15:16:21.124] thr=12  paramiko.transport:     buf = self.packetizer.readline(timeout)
ERR [20210106-15:16:21.124] thr=12  paramiko.transport:   File "C:\ProgramData\Anaconda3\lib\site-packages\paramiko\packet.py", line 380, in readline
ERR [20210106-15:16:21.125] thr=12  paramiko.transport:     buf += self._read_timeout(timeout)
ERR [20210106-15:16:21.125] thr=12  paramiko.transport:   File "C:\ProgramData\Anaconda3\lib\site-packages\paramiko\packet.py", line 607, in _read_timeout
ERR [20210106-15:16:21.125] thr=12  paramiko.transport:     x = self.__socket.recv(128)
ERR [20210106-15:16:21.125] thr=12  paramiko.transport: ConnectionAbortedError: [WinError 10053] Se ha anulado una conexión establecida por el software en su equipo host
ERR [20210106-15:16:21.125] thr=12  paramiko.transport: 
ERR [20210106-15:16:21.125] thr=12  paramiko.transport: During handling of the above exception, another exception occurred:
ERR [20210106-15:16:21.125] thr=12  paramiko.transport: 
ERR [20210106-15:16:21.125] thr=12  paramiko.transport: Traceback (most recent call last):
ERR [20210106-15:16:21.125] thr=12  paramiko.transport:   File "C:\ProgramData\Anaconda3\lib\site-packages\paramiko\transport.py", line 2039, in run
ERR [20210106-15:16:21.125] thr=12  paramiko.transport:     self._check_banner()
ERR [20210106-15:16:21.125] thr=12  paramiko.transport:   File "C:\ProgramData\Anaconda3\lib\site-packages\paramiko\transport.py", line 2215, in _check_banner
ERR [20210106-15:16:21.125] thr=12  paramiko.transport:     raise SSHException(
ERR [20210106-15:16:21.125] thr=12  paramiko.transport: paramiko.ssh_exception.SSHException: Error reading SSH protocol banner[WinError 10053] Se ha anulado una conexión establecida por el software en su equipo host
ERR [20210106-15:16:21.125] thr=12  paramiko.transport: 
DEB [20210106-15:16:24.137] thr=13  paramiko.transport: starting thread (client mode): 0x4748b1c0
DEB [20210106-15:16:24.138] thr=13  paramiko.transport: Local version/idstring: SSH-2.0-paramiko_2.7.2
ERR [20210106-15:16:24.140] thr=13  paramiko.transport: Exception: Error reading SSH protocol banner[WinError 10053] Se ha anulado una conexión establecida por el software en su equipo host
ERR [20210106-15:16:24.142] thr=13  paramiko.transport: Traceback (most recent call last):
ERR [20210106-15:16:24.142] thr=13  paramiko.transport:   File "C:\ProgramData\Anaconda3\lib\site-packages\paramiko\transport.py", line 2211, in _check_banner
ERR [20210106-15:16:24.142] thr=13  paramiko.transport:     buf = self.packetizer.readline(timeout)
ERR [20210106-15:16:24.142] thr=13  paramiko.transport:   File "C:\ProgramData\Anaconda3\lib\site-packages\paramiko\packet.py", line 380, in readline
ERR [20210106-15:16:24.142] thr=13  paramiko.transport:     buf += self._read_timeout(timeout)
ERR [20210106-15:16:24.142] thr=13  paramiko.transport:   File "C:\ProgramData\Anaconda3\lib\site-packages\paramiko\packet.py", line 607, in _read_timeout
ERR [20210106-15:16:24.142] thr=13  paramiko.transport:     x = self.__socket.recv(128)
ERR [20210106-15:16:24.142] thr=13  paramiko.transport: ConnectionAbortedError: [WinError 10053] Se ha anulado una conexión establecida por el software en su equipo host
ERR [20210106-15:16:24.142] thr=13  paramiko.transport: 
ERR [20210106-15:16:24.142] thr=13  paramiko.transport: During handling of the above exception, another exception occurred:
ERR [20210106-15:16:24.142] thr=13  paramiko.transport: 
ERR [20210106-15:16:24.146] thr=13  paramiko.transport: Traceback (most recent call last):
ERR [20210106-15:16:24.147] thr=13  paramiko.transport:   File "C:\ProgramData\Anaconda3\lib\site-packages\paramiko\transport.py", line 2039, in run
ERR [20210106-15:16:24.147] thr=13  paramiko.transport:     self._check_banner()
ERR [20210106-15:16:24.148] thr=13  paramiko.transport:   File "C:\ProgramData\Anaconda3\lib\site-packages\paramiko\transport.py", line 2215, in _check_banner
ERR [20210106-15:16:24.148] thr=13  paramiko.transport:     raise SSHException(
ERR [20210106-15:16:24.148] thr=13  paramiko.transport: paramiko.ssh_exception.SSHException: Error reading SSH protocol banner[WinError 10053] Se ha anulado una conexión establecida por el software en su equipo host
ERR [20210106-15:16:24.150] thr=13  paramiko.transport: 
DEB [20210106-15:16:27.156] thr=14  paramiko.transport: starting thread (client mode): 0x47490640
DEB [20210106-15:16:27.158] thr=14  paramiko.transport: Local version/idstring: SSH-2.0-paramiko_2.7.2
ERR [20210106-15:16:27.159] thr=14  paramiko.transport: Exception: Error reading SSH protocol banner[WinError 10053] Se ha anulado una conexión establecida por el software en su equipo host
ERR [20210106-15:16:27.160] thr=14  paramiko.transport: Traceback (most recent call last):
ERR [20210106-15:16:27.160] thr=14  paramiko.transport:   File "C:\ProgramData\Anaconda3\lib\site-packages\paramiko\transport.py", line 2211, in _check_banner
ERR [20210106-15:16:27.160] thr=14  paramiko.transport:     buf = self.packetizer.readline(timeout)
ERR [20210106-15:16:27.160] thr=14  paramiko.transport:   File "C:\ProgramData\Anaconda3\lib\site-packages\paramiko\packet.py", line 380, in readline
ERR [20210106-15:16:27.160] thr=14  paramiko.transport:     buf += self._read_timeout(timeout)
ERR [20210106-15:16:27.160] thr=14  paramiko.transport:   File "C:\ProgramData\Anaconda3\lib\site-packages\paramiko\packet.py", line 607, in _read_timeout
ERR [20210106-15:16:27.160] thr=14  paramiko.transport:     x = self.__socket.recv(128)
ERR [20210106-15:16:27.160] thr=14  paramiko.transport: ConnectionAbortedError: [WinError 10053] Se ha anulado una conexión establecida por el software en su equipo host
ERR [20210106-15:16:27.160] thr=14  paramiko.transport: 
ERR [20210106-15:16:27.160] thr=14  paramiko.transport: During handling of the above exception, another exception occurred:
ERR [20210106-15:16:27.160] thr=14  paramiko.transport: 
ERR [20210106-15:16:27.160] thr=14  paramiko.transport: Traceback (most recent call last):
ERR [20210106-15:16:27.164] thr=14  paramiko.transport:   File "C:\ProgramData\Anaconda3\lib\site-packages\paramiko\transport.py", line 2039, in run
ERR [20210106-15:16:27.164] thr=14  paramiko.transport:     self._check_banner()
ERR [20210106-15:16:27.164] thr=14  paramiko.transport:   File "C:\ProgramData\Anaconda3\lib\site-packages\paramiko\transport.py", line 2215, in _check_banner
ERR [20210106-15:16:27.165] thr=14  paramiko.transport:     raise SSHException(
ERR [20210106-15:16:27.165] thr=14  paramiko.transport: paramiko.ssh_exception.SSHException: Error reading SSH protocol banner[WinError 10053] Se ha anulado una conexión establecida por el software en su equipo host
ERR [20210106-15:16:27.165] thr=14  paramiko.transport: 
DEB [20210106-15:16:30.169] thr=15  paramiko.transport: starting thread (client mode): 0x474904f0
DEB [20210106-15:16:30.169] thr=15  paramiko.transport: Local version/idstring: SSH-2.0-paramiko_2.7.2
ERR [20210106-15:16:30.170] thr=15  paramiko.transport: Exception: Error reading SSH protocol banner[WinError 10053] Se ha anulado una conexión establecida por el software en su equipo host
ERR [20210106-15:16:30.170] thr=15  paramiko.transport: Traceback (most recent call last):
ERR [20210106-15:16:30.171] thr=15  paramiko.transport:   File "C:\ProgramData\Anaconda3\lib\site-packages\paramiko\transport.py", line 2211, in _check_banner
ERR [20210106-15:16:30.171] thr=15  paramiko.transport:     buf = self.packetizer.readline(timeout)
ERR [20210106-15:16:30.171] thr=15  paramiko.transport:   File "C:\ProgramData\Anaconda3\lib\site-packages\paramiko\packet.py", line 380, in readline
ERR [20210106-15:16:30.171] thr=15  paramiko.transport:     buf += self._read_timeout(timeout)
ERR [20210106-15:16:30.171] thr=15  paramiko.transport:   File "C:\ProgramData\Anaconda3\lib\site-packages\paramiko\packet.py", line 607, in _read_timeout
ERR [20210106-15:16:30.171] thr=15  paramiko.transport:     x = self.__socket.recv(128)
ERR [20210106-15:16:30.171] thr=15  paramiko.transport: ConnectionAbortedError: [WinError 10053] Se ha anulado una conexión establecida por el software en su equipo host
ERR [20210106-15:16:30.171] thr=15  paramiko.transport: 
ERR [20210106-15:16:30.171] thr=15  paramiko.transport: During handling of the above exception, another exception occurred:
ERR [20210106-15:16:30.171] thr=15  paramiko.transport: 
ERR [20210106-15:16:30.171] thr=15  paramiko.transport: Traceback (most recent call last):
ERR [20210106-15:16:30.171] thr=15  paramiko.transport:   File "C:\ProgramData\Anaconda3\lib\site-packages\paramiko\transport.py", line 2039, in run
ERR [20210106-15:16:30.171] thr=15  paramiko.transport:     self._check_banner()
ERR [20210106-15:16:30.171] thr=15  paramiko.transport:   File "C:\ProgramData\Anaconda3\lib\site-packages\paramiko\transport.py", line 2215, in _check_banner
ERR [20210106-15:16:30.173] thr=15  paramiko.transport:     raise SSHException(
ERR [20210106-15:16:30.173] thr=15  paramiko.transport: paramiko.ssh_exception.SSHException: Error reading SSH protocol banner[WinError 10053] Se ha anulado una conexión establecida por el software en su equipo host
ERR [20210106-15:16:30.173] thr=15  paramiko.transport: 
DEB [20210106-15:16:33.180] thr=16  paramiko.transport: starting thread (client mode): 0x474e50a0
DEB [20210106-15:16:33.180] thr=16  paramiko.transport: Local version/idstring: SSH-2.0-paramiko_2.7.2
ERR [20210106-15:16:33.182] thr=16  paramiko.transport: Exception: Error reading SSH protocol banner[WinError 10053] Se ha anulado una conexión establecida por el software en su equipo host
ERR [20210106-15:16:33.183] thr=16  paramiko.transport: Traceback (most recent call last):
ERR [20210106-15:16:33.183] thr=16  paramiko.transport:   File "C:\ProgramData\Anaconda3\lib\site-packages\paramiko\transport.py", line 2211, in _check_banner
ERR [20210106-15:16:33.183] thr=16  paramiko.transport:     buf = self.packetizer.readline(timeout)
ERR [20210106-15:16:33.183] thr=16  paramiko.transport:   File "C:\ProgramData\Anaconda3\lib\site-packages\paramiko\packet.py", line 380, in readline
ERR [20210106-15:16:33.183] thr=16  paramiko.transport:     buf += self._read_timeout(timeout)
ERR [20210106-15:16:33.183] thr=16  paramiko.transport:   File "C:\ProgramData\Anaconda3\lib\site-packages\paramiko\packet.py", line 607, in _read_timeout
ERR [20210106-15:16:33.183] thr=16  paramiko.transport:     x = self.__socket.recv(128)
ERR [20210106-15:16:33.183] thr=16  paramiko.transport: ConnectionAbortedError: [WinError 10053] Se ha anulado una conexión establecida por el software en su equipo host
ERR [20210106-15:16:33.183] thr=16  paramiko.transport: 
ERR [20210106-15:16:33.183] thr=16  paramiko.transport: During handling of the above exception, another exception occurred:
ERR [20210106-15:16:33.187] thr=16  paramiko.transport: 
ERR [20210106-15:16:33.187] thr=16  paramiko.transport: Traceback (most recent call last):
ERR [20210106-15:16:33.187] thr=16  paramiko.transport:   File "C:\ProgramData\Anaconda3\lib\site-packages\paramiko\transport.py", line 2039, in run
ERR [20210106-15:16:33.187] thr=16  paramiko.transport:     self._check_banner()
ERR [20210106-15:16:33.188] thr=16  paramiko.transport:   File "C:\ProgramData\Anaconda3\lib\site-packages\paramiko\transport.py", line 2215, in _check_banner
ERR [20210106-15:16:33.188] thr=16  paramiko.transport:     raise SSHException(
ERR [20210106-15:16:33.188] thr=16  paramiko.transport: paramiko.ssh_exception.SSHException: Error reading SSH protocol banner[WinError 10053] Se ha anulado una conexión establecida por el software en su equipo host
ERR [20210106-15:16:33.188] thr=16  paramiko.transport: 
DEB [20210106-15:16:36.195] thr=17  paramiko.transport: starting thread (client mode): 0x474e58e0
DEB [20210106-15:16:36.195] thr=17  paramiko.transport: Local version/idstring: SSH-2.0-paramiko_2.7.2
ERR [20210106-15:16:36.195] thr=17  paramiko.transport: Exception: Error reading SSH protocol banner[WinError 10053] Se ha anulado una conexión establecida por el software en su equipo host
ERR [20210106-15:16:36.200] thr=17  paramiko.transport: Traceback (most recent call last):
ERR [20210106-15:16:36.200] thr=17  paramiko.transport:   File "C:\ProgramData\Anaconda3\lib\site-packages\paramiko\transport.py", line 2211, in _check_banner
ERR [20210106-15:16:36.200] thr=17  paramiko.transport:     buf = self.packetizer.readline(timeout)
ERR [20210106-15:16:36.200] thr=17  paramiko.transport:   File "C:\ProgramData\Anaconda3\lib\site-packages\paramiko\packet.py", line 380, in readline
ERR [20210106-15:16:36.200] thr=17  paramiko.transport:     buf += self._read_timeout(timeout)
ERR [20210106-15:16:36.201] thr=17  paramiko.transport:   File "C:\ProgramData\Anaconda3\lib\site-packages\paramiko\packet.py", line 607, in _read_timeout
ERR [20210106-15:16:36.201] thr=17  paramiko.transport:     x = self.__socket.recv(128)
ERR [20210106-15:16:36.201] thr=17  paramiko.transport: ConnectionAbortedError: [WinError 10053] Se ha anulado una conexión establecida por el software en su equipo host
ERR [20210106-15:16:36.201] thr=17  paramiko.transport: 
ERR [20210106-15:16:36.201] thr=17  paramiko.transport: During handling of the above exception, another exception occurred:
ERR [20210106-15:16:36.201] thr=17  paramiko.transport: 
ERR [20210106-15:16:36.201] thr=17  paramiko.transport: Traceback (most recent call last):
ERR [20210106-15:16:36.201] thr=17  paramiko.transport:   File "C:\ProgramData\Anaconda3\lib\site-packages\paramiko\transport.py", line 2039, in run
ERR [20210106-15:16:36.201] thr=17  paramiko.transport:     self._check_banner()
ERR [20210106-15:16:36.201] thr=17  paramiko.transport:   File "C:\ProgramData\Anaconda3\lib\site-packages\paramiko\transport.py", line 2215, in _check_banner
ERR [20210106-15:16:36.201] thr=17  paramiko.transport:     raise SSHException(
ERR [20210106-15:16:36.201] thr=17  paramiko.transport: paramiko.ssh_exception.SSHException: Error reading SSH protocol banner[WinError 10053] Se ha anulado una conexión establecida por el software en su equipo host
ERR [20210106-15:16:36.201] thr=17  paramiko.transport: 
DEB [20210106-15:16:36.205] thr=1   paramiko.transport: EOF in transport thread
DEB [20210106-15:16:36.206] thr=3   paramiko.transport: EOF in transport thread
DEB [20210106-15:16:36.208] thr=4   paramiko.transport: EOF in transport thread
DEB [20210106-15:16:36.210] thr=7   paramiko.transport: EOF in transport thread
DEB [20210106-15:16:36.211] thr=9   paramiko.transport: EOF in transport thread
DEB [20210106-15:16:36.212] thr=11  paramiko.transport: EOF in transport thread
DEB [20210106-15:17:49.347] thr=1   paramiko.transport: starting thread (client mode): 0xb1666af0
DEB [20210106-15:17:49.349] thr=1   paramiko.transport: Local version/idstring: SSH-2.0-paramiko_2.7.2
DEB [20210106-15:17:49.354] thr=1   paramiko.transport: Remote version/idstring: SSH-2.0-OpenSSH_4.7p1 Debian-8ubuntu1
INF [20210106-15:17:49.354] thr=1   paramiko.transport: Connected (version 2.0, client OpenSSH_4.7p1)
DEB [20210106-15:17:49.358] thr=1   paramiko.transport: kex algos:['diffie-hellman-group-exchange-sha256', 'diffie-hellman-group-exchange-sha1', 'diffie-hellman-group14-sha1', 'diffie-hellman-group1-sha1'] server key:['ssh-rsa', 'ssh-dss'] client encrypt:['aes128-cbc', '3des-cbc', 'blowfish-cbc', 'cast128-cbc', 'arcfour128', 'arcfour256', 'arcfour', 'aes192-cbc', 'aes256-cbc', 'rijndael-cbc@lysator.liu.se', 'aes128-ctr', 'aes192-ctr', 'aes256-ctr'] server encrypt:['aes128-cbc', '3des-cbc', 'blowfish-cbc', 'cast128-cbc', 'arcfour128', 'arcfour256', 'arcfour', 'aes192-cbc', 'aes256-cbc', 'rijndael-cbc@lysator.liu.se', 'aes128-ctr', 'aes192-ctr', 'aes256-ctr'] client mac:['hmac-md5', 'hmac-sha1', 'umac-64@openssh.com', 'hmac-ripemd160', 'hmac-ripemd160@openssh.com', 'hmac-sha1-96', 'hmac-md5-96'] server mac:['hmac-md5', 'hmac-sha1', 'umac-64@openssh.com', 'hmac-ripemd160', 'hmac-ripemd160@openssh.com', 'hmac-sha1-96', 'hmac-md5-96'] client compress:['none', 'zlib@openssh.com'] server compress:['none', 'zlib@openssh.com'] client lang:[''] server lang:[''] kex follows?False
DEB [20210106-15:17:49.359] thr=1   paramiko.transport: Kex agreed: diffie-hellman-group-exchange-sha256
DEB [20210106-15:17:49.359] thr=1   paramiko.transport: HostKey agreed: ssh-rsa
DEB [20210106-15:17:49.359] thr=1   paramiko.transport: Cipher agreed: aes128-ctr
DEB [20210106-15:17:49.360] thr=1   paramiko.transport: MAC agreed: hmac-sha1
DEB [20210106-15:17:49.360] thr=1   paramiko.transport: Compression agreed: none
DEB [20210106-15:17:49.367] thr=1   paramiko.transport: Got server p (2048 bits)
DEB [20210106-15:17:49.478] thr=1   paramiko.transport: kex engine KexGexSHA256 specified hash_algo <built-in function openssl_sha256>
DEB [20210106-15:17:49.478] thr=1   paramiko.transport: Switch to new keys ...
DEB [20210106-15:17:49.479] thr=2   paramiko.transport: Adding ssh-rsa host key for 192.168.1.61: b'5656240f211ddea72bae61b1243de8f3'
DEB [20210106-15:17:49.526] thr=2   paramiko.transport: Trying discovered key b'08367b315a8aebe0b26b0229add9ffd4' in C:\Users\Usuario/.ssh/id_rsa
DEB [20210106-15:17:49.528] thr=1   paramiko.transport: userauth is OK
INF [20210106-15:17:49.594] thr=1   paramiko.transport: Authentication (publickey) failed.
DEB [20210106-15:17:49.595] thr=1   paramiko.transport: userauth is OK
INF [20210106-15:17:51.320] thr=1   paramiko.transport: Authentication (password) failed.
DEB [20210106-15:17:54.330] thr=3   paramiko.transport: starting thread (client mode): 0xb1b217f0
DEB [20210106-15:17:54.331] thr=3   paramiko.transport: Local version/idstring: SSH-2.0-paramiko_2.7.2
DEB [20210106-15:17:54.342] thr=3   paramiko.transport: Remote version/idstring: SSH-2.0-OpenSSH_4.7p1 Debian-8ubuntu1
INF [20210106-15:17:54.343] thr=3   paramiko.transport: Connected (version 2.0, client OpenSSH_4.7p1)
DEB [20210106-15:17:54.346] thr=3   paramiko.transport: kex algos:['diffie-hellman-group-exchange-sha256', 'diffie-hellman-group-exchange-sha1', 'diffie-hellman-group14-sha1', 'diffie-hellman-group1-sha1'] server key:['ssh-rsa', 'ssh-dss'] client encrypt:['aes128-cbc', '3des-cbc', 'blowfish-cbc', 'cast128-cbc', 'arcfour128', 'arcfour256', 'arcfour', 'aes192-cbc', 'aes256-cbc', 'rijndael-cbc@lysator.liu.se', 'aes128-ctr', 'aes192-ctr', 'aes256-ctr'] server encrypt:['aes128-cbc', '3des-cbc', 'blowfish-cbc', 'cast128-cbc', 'arcfour128', 'arcfour256', 'arcfour', 'aes192-cbc', 'aes256-cbc', 'rijndael-cbc@lysator.liu.se', 'aes128-ctr', 'aes192-ctr', 'aes256-ctr'] client mac:['hmac-md5', 'hmac-sha1', 'umac-64@openssh.com', 'hmac-ripemd160', 'hmac-ripemd160@openssh.com', 'hmac-sha1-96', 'hmac-md5-96'] server mac:['hmac-md5', 'hmac-sha1', 'umac-64@openssh.com', 'hmac-ripemd160', 'hmac-ripemd160@openssh.com', 'hmac-sha1-96', 'hmac-md5-96'] client compress:['none', 'zlib@openssh.com'] server compress:['none', 'zlib@openssh.com'] client lang:[''] server lang:[''] kex follows?False
DEB [20210106-15:17:54.347] thr=3   paramiko.transport: Kex agreed: diffie-hellman-group-exchange-sha256
DEB [20210106-15:17:54.348] thr=3   paramiko.transport: HostKey agreed: ssh-rsa
DEB [20210106-15:17:54.349] thr=3   paramiko.transport: Cipher agreed: aes128-ctr
DEB [20210106-15:17:54.350] thr=3   paramiko.transport: MAC agreed: hmac-sha1
DEB [20210106-15:17:54.350] thr=3   paramiko.transport: Compression agreed: none
DEB [20210106-15:17:54.359] thr=3   paramiko.transport: Got server p (2048 bits)
DEB [20210106-15:17:54.512] thr=3   paramiko.transport: kex engine KexGexSHA256 specified hash_algo <built-in function openssl_sha256>
DEB [20210106-15:17:54.512] thr=3   paramiko.transport: Switch to new keys ...
DEB [20210106-15:17:54.512] thr=2   paramiko.transport: Adding ssh-rsa host key for 192.168.1.61: b'5656240f211ddea72bae61b1243de8f3'
DEB [20210106-15:17:54.548] thr=2   paramiko.transport: Trying discovered key b'08367b315a8aebe0b26b0229add9ffd4' in C:\Users\Usuario/.ssh/id_rsa
DEB [20210106-15:17:54.557] thr=3   paramiko.transport: userauth is OK
INF [20210106-15:17:54.696] thr=3   paramiko.transport: Authentication (publickey) failed.
DEB [20210106-15:17:54.698] thr=3   paramiko.transport: userauth is OK
INF [20210106-15:17:57.103] thr=3   paramiko.transport: Authentication (password) failed.
DEB [20210106-15:18:00.116] thr=4   paramiko.transport: starting thread (client mode): 0xb1b2be50
DEB [20210106-15:18:00.117] thr=4   paramiko.transport: Local version/idstring: SSH-2.0-paramiko_2.7.2
DEB [20210106-15:18:00.117] thr=4   paramiko.transport: Remote version/idstring: SSH-2.0-OpenSSH_4.7p1 Debian-8ubuntu1
INF [20210106-15:18:00.117] thr=4   paramiko.transport: Connected (version 2.0, client OpenSSH_4.7p1)
DEB [20210106-15:18:00.119] thr=4   paramiko.transport: kex algos:['diffie-hellman-group-exchange-sha256', 'diffie-hellman-group-exchange-sha1', 'diffie-hellman-group14-sha1', 'diffie-hellman-group1-sha1'] server key:['ssh-rsa', 'ssh-dss'] client encrypt:['aes128-cbc', '3des-cbc', 'blowfish-cbc', 'cast128-cbc', 'arcfour128', 'arcfour256', 'arcfour', 'aes192-cbc', 'aes256-cbc', 'rijndael-cbc@lysator.liu.se', 'aes128-ctr', 'aes192-ctr', 'aes256-ctr'] server encrypt:['aes128-cbc', '3des-cbc', 'blowfish-cbc', 'cast128-cbc', 'arcfour128', 'arcfour256', 'arcfour', 'aes192-cbc', 'aes256-cbc', 'rijndael-cbc@lysator.liu.se', 'aes128-ctr', 'aes192-ctr', 'aes256-ctr'] client mac:['hmac-md5', 'hmac-sha1', 'umac-64@openssh.com', 'hmac-ripemd160', 'hmac-ripemd160@openssh.com', 'hmac-sha1-96', 'hmac-md5-96'] server mac:['hmac-md5', 'hmac-sha1', 'umac-64@openssh.com', 'hmac-ripemd160', 'hmac-ripemd160@openssh.com', 'hmac-sha1-96', 'hmac-md5-96'] client compress:['none', 'zlib@openssh.com'] server compress:['none', 'zlib@openssh.com'] client lang:[''] server lang:[''] kex follows?False
DEB [20210106-15:18:00.120] thr=4   paramiko.transport: Kex agreed: diffie-hellman-group-exchange-sha256
DEB [20210106-15:18:00.120] thr=4   paramiko.transport: HostKey agreed: ssh-rsa
DEB [20210106-15:18:00.120] thr=4   paramiko.transport: Cipher agreed: aes128-ctr
DEB [20210106-15:18:00.120] thr=4   paramiko.transport: MAC agreed: hmac-sha1
DEB [20210106-15:18:00.120] thr=4   paramiko.transport: Compression agreed: none
DEB [20210106-15:18:00.169] thr=4   paramiko.transport: Got server p (2048 bits)
DEB [20210106-15:18:00.291] thr=4   paramiko.transport: kex engine KexGexSHA256 specified hash_algo <built-in function openssl_sha256>
DEB [20210106-15:18:00.291] thr=4   paramiko.transport: Switch to new keys ...
DEB [20210106-15:18:00.292] thr=2   paramiko.transport: Adding ssh-rsa host key for 192.168.1.61: b'5656240f211ddea72bae61b1243de8f3'
DEB [20210106-15:18:00.338] thr=2   paramiko.transport: Trying discovered key b'08367b315a8aebe0b26b0229add9ffd4' in C:\Users\Usuario/.ssh/id_rsa
DEB [20210106-15:18:00.341] thr=4   paramiko.transport: userauth is OK
INF [20210106-15:18:00.632] thr=4   paramiko.transport: Authentication (publickey) failed.
DEB [20210106-15:18:00.635] thr=4   paramiko.transport: userauth is OK
INF [20210106-15:18:02.870] thr=4   paramiko.transport: Authentication (password) failed.
DEB [20210106-15:18:05.877] thr=5   paramiko.transport: starting thread (client mode): 0xb20c24f0
DEB [20210106-15:18:05.879] thr=5   paramiko.transport: Local version/idstring: SSH-2.0-paramiko_2.7.2
DEB [20210106-15:18:05.887] thr=5   paramiko.transport: Remote version/idstring: SSH-2.0-OpenSSH_4.7p1 Debian-8ubuntu1
INF [20210106-15:18:05.888] thr=5   paramiko.transport: Connected (version 2.0, client OpenSSH_4.7p1)
DEB [20210106-15:18:05.892] thr=5   paramiko.transport: kex algos:['diffie-hellman-group-exchange-sha256', 'diffie-hellman-group-exchange-sha1', 'diffie-hellman-group14-sha1', 'diffie-hellman-group1-sha1'] server key:['ssh-rsa', 'ssh-dss'] client encrypt:['aes128-cbc', '3des-cbc', 'blowfish-cbc', 'cast128-cbc', 'arcfour128', 'arcfour256', 'arcfour', 'aes192-cbc', 'aes256-cbc', 'rijndael-cbc@lysator.liu.se', 'aes128-ctr', 'aes192-ctr', 'aes256-ctr'] server encrypt:['aes128-cbc', '3des-cbc', 'blowfish-cbc', 'cast128-cbc', 'arcfour128', 'arcfour256', 'arcfour', 'aes192-cbc', 'aes256-cbc', 'rijndael-cbc@lysator.liu.se', 'aes128-ctr', 'aes192-ctr', 'aes256-ctr'] client mac:['hmac-md5', 'hmac-sha1', 'umac-64@openssh.com', 'hmac-ripemd160', 'hmac-ripemd160@openssh.com', 'hmac-sha1-96', 'hmac-md5-96'] server mac:['hmac-md5', 'hmac-sha1', 'umac-64@openssh.com', 'hmac-ripemd160', 'hmac-ripemd160@openssh.com', 'hmac-sha1-96', 'hmac-md5-96'] client compress:['none', 'zlib@openssh.com'] server compress:['none', 'zlib@openssh.com'] client lang:[''] server lang:[''] kex follows?False
DEB [20210106-15:18:05.893] thr=5   paramiko.transport: Kex agreed: diffie-hellman-group-exchange-sha256
DEB [20210106-15:18:05.893] thr=5   paramiko.transport: HostKey agreed: ssh-rsa
DEB [20210106-15:18:05.894] thr=5   paramiko.transport: Cipher agreed: aes128-ctr
DEB [20210106-15:18:05.894] thr=5   paramiko.transport: MAC agreed: hmac-sha1
DEB [20210106-15:18:05.894] thr=5   paramiko.transport: Compression agreed: none
DEB [20210106-15:18:05.902] thr=5   paramiko.transport: Got server p (2048 bits)
DEB [20210106-15:18:06.114] thr=5   paramiko.transport: kex engine KexGexSHA256 specified hash_algo <built-in function openssl_sha256>
DEB [20210106-15:18:06.114] thr=5   paramiko.transport: Switch to new keys ...
DEB [20210106-15:18:06.115] thr=2   paramiko.transport: Adding ssh-rsa host key for 192.168.1.61: b'5656240f211ddea72bae61b1243de8f3'
DEB [20210106-15:18:06.175] thr=2   paramiko.transport: Trying discovered key b'08367b315a8aebe0b26b0229add9ffd4' in C:\Users\Usuario/.ssh/id_rsa
DEB [20210106-15:18:06.179] thr=5   paramiko.transport: userauth is OK
INF [20210106-15:18:06.266] thr=5   paramiko.transport: Authentication (publickey) failed.
DEB [20210106-15:18:06.267] thr=5   paramiko.transport: userauth is OK
INF [20210106-15:18:08.654] thr=5   paramiko.transport: Authentication (password) failed.
DEB [20210106-15:18:11.658] thr=6   paramiko.transport: starting thread (client mode): 0xb1aa7be0
DEB [20210106-15:18:11.659] thr=6   paramiko.transport: Local version/idstring: SSH-2.0-paramiko_2.7.2
DEB [20210106-15:18:11.663] thr=6   paramiko.transport: Remote version/idstring: SSH-2.0-OpenSSH_4.7p1 Debian-8ubuntu1
INF [20210106-15:18:11.663] thr=6   paramiko.transport: Connected (version 2.0, client OpenSSH_4.7p1)
DEB [20210106-15:18:11.666] thr=6   paramiko.transport: kex algos:['diffie-hellman-group-exchange-sha256', 'diffie-hellman-group-exchange-sha1', 'diffie-hellman-group14-sha1', 'diffie-hellman-group1-sha1'] server key:['ssh-rsa', 'ssh-dss'] client encrypt:['aes128-cbc', '3des-cbc', 'blowfish-cbc', 'cast128-cbc', 'arcfour128', 'arcfour256', 'arcfour', 'aes192-cbc', 'aes256-cbc', 'rijndael-cbc@lysator.liu.se', 'aes128-ctr', 'aes192-ctr', 'aes256-ctr'] server encrypt:['aes128-cbc', '3des-cbc', 'blowfish-cbc', 'cast128-cbc', 'arcfour128', 'arcfour256', 'arcfour', 'aes192-cbc', 'aes256-cbc', 'rijndael-cbc@lysator.liu.se', 'aes128-ctr', 'aes192-ctr', 'aes256-ctr'] client mac:['hmac-md5', 'hmac-sha1', 'umac-64@openssh.com', 'hmac-ripemd160', 'hmac-ripemd160@openssh.com', 'hmac-sha1-96', 'hmac-md5-96'] server mac:['hmac-md5', 'hmac-sha1', 'umac-64@openssh.com', 'hmac-ripemd160', 'hmac-ripemd160@openssh.com', 'hmac-sha1-96', 'hmac-md5-96'] client compress:['none', 'zlib@openssh.com'] server compress:['none', 'zlib@openssh.com'] client lang:[''] server lang:[''] kex follows?False
DEB [20210106-15:18:11.666] thr=6   paramiko.transport: Kex agreed: diffie-hellman-group-exchange-sha256
DEB [20210106-15:18:11.666] thr=6   paramiko.transport: HostKey agreed: ssh-rsa
DEB [20210106-15:18:11.666] thr=6   paramiko.transport: Cipher agreed: aes128-ctr
DEB [20210106-15:18:11.666] thr=6   paramiko.transport: MAC agreed: hmac-sha1
DEB [20210106-15:18:11.667] thr=6   paramiko.transport: Compression agreed: none
DEB [20210106-15:18:11.669] thr=6   paramiko.transport: Got server p (2048 bits)
DEB [20210106-15:18:11.822] thr=6   paramiko.transport: kex engine KexGexSHA256 specified hash_algo <built-in function openssl_sha256>
DEB [20210106-15:18:11.822] thr=6   paramiko.transport: Switch to new keys ...
DEB [20210106-15:18:11.823] thr=2   paramiko.transport: Adding ssh-rsa host key for 192.168.1.61: b'5656240f211ddea72bae61b1243de8f3'
DEB [20210106-15:18:11.867] thr=2   paramiko.transport: Trying discovered key b'08367b315a8aebe0b26b0229add9ffd4' in C:\Users\Usuario/.ssh/id_rsa
DEB [20210106-15:18:11.870] thr=6   paramiko.transport: userauth is OK
INF [20210106-15:18:11.999] thr=6   paramiko.transport: Authentication (publickey) failed.
DEB [20210106-15:18:12.002] thr=6   paramiko.transport: userauth is OK
INF [20210106-15:18:14.411] thr=6   paramiko.transport: Authentication (password) failed.
DEB [20210106-15:18:17.415] thr=7   paramiko.transport: starting thread (client mode): 0xb20ca070
DEB [20210106-15:18:17.417] thr=7   paramiko.transport: Local version/idstring: SSH-2.0-paramiko_2.7.2
DEB [20210106-15:18:17.427] thr=7   paramiko.transport: Remote version/idstring: SSH-2.0-OpenSSH_4.7p1 Debian-8ubuntu1
INF [20210106-15:18:17.427] thr=7   paramiko.transport: Connected (version 2.0, client OpenSSH_4.7p1)
DEB [20210106-15:18:17.430] thr=7   paramiko.transport: kex algos:['diffie-hellman-group-exchange-sha256', 'diffie-hellman-group-exchange-sha1', 'diffie-hellman-group14-sha1', 'diffie-hellman-group1-sha1'] server key:['ssh-rsa', 'ssh-dss'] client encrypt:['aes128-cbc', '3des-cbc', 'blowfish-cbc', 'cast128-cbc', 'arcfour128', 'arcfour256', 'arcfour', 'aes192-cbc', 'aes256-cbc', 'rijndael-cbc@lysator.liu.se', 'aes128-ctr', 'aes192-ctr', 'aes256-ctr'] server encrypt:['aes128-cbc', '3des-cbc', 'blowfish-cbc', 'cast128-cbc', 'arcfour128', 'arcfour256', 'arcfour', 'aes192-cbc', 'aes256-cbc', 'rijndael-cbc@lysator.liu.se', 'aes128-ctr', 'aes192-ctr', 'aes256-ctr'] client mac:['hmac-md5', 'hmac-sha1', 'umac-64@openssh.com', 'hmac-ripemd160', 'hmac-ripemd160@openssh.com', 'hmac-sha1-96', 'hmac-md5-96'] server mac:['hmac-md5', 'hmac-sha1', 'umac-64@openssh.com', 'hmac-ripemd160', 'hmac-ripemd160@openssh.com', 'hmac-sha1-96', 'hmac-md5-96'] client compress:['none', 'zlib@openssh.com'] server compress:['none', 'zlib@openssh.com'] client lang:[''] server lang:[''] kex follows?False
DEB [20210106-15:18:17.430] thr=7   paramiko.transport: Kex agreed: diffie-hellman-group-exchange-sha256
DEB [20210106-15:18:17.431] thr=7   paramiko.transport: HostKey agreed: ssh-rsa
DEB [20210106-15:18:17.431] thr=7   paramiko.transport: Cipher agreed: aes128-ctr
DEB [20210106-15:18:17.432] thr=7   paramiko.transport: MAC agreed: hmac-sha1
DEB [20210106-15:18:17.432] thr=7   paramiko.transport: Compression agreed: none
DEB [20210106-15:18:17.469] thr=7   paramiko.transport: Got server p (2048 bits)
DEB [20210106-15:18:17.715] thr=7   paramiko.transport: kex engine KexGexSHA256 specified hash_algo <built-in function openssl_sha256>
DEB [20210106-15:18:17.716] thr=7   paramiko.transport: Switch to new keys ...
DEB [20210106-15:18:17.718] thr=2   paramiko.transport: Adding ssh-rsa host key for 192.168.1.61: b'5656240f211ddea72bae61b1243de8f3'
DEB [20210106-15:18:17.784] thr=2   paramiko.transport: Trying discovered key b'08367b315a8aebe0b26b0229add9ffd4' in C:\Users\Usuario/.ssh/id_rsa
DEB [20210106-15:18:17.787] thr=7   paramiko.transport: userauth is OK
INF [20210106-15:18:17.847] thr=7   paramiko.transport: Authentication (publickey) failed.
DEB [20210106-15:18:17.850] thr=7   paramiko.transport: userauth is OK
INF [20210106-15:18:19.747] thr=7   paramiko.transport: Authentication (password) failed.
DEB [20210106-15:18:22.756] thr=8   paramiko.transport: starting thread (client mode): 0xb20cf640
DEB [20210106-15:18:22.757] thr=8   paramiko.transport: Local version/idstring: SSH-2.0-paramiko_2.7.2
DEB [20210106-15:18:22.769] thr=8   paramiko.transport: Remote version/idstring: SSH-2.0-OpenSSH_4.7p1 Debian-8ubuntu1
INF [20210106-15:18:22.771] thr=8   paramiko.transport: Connected (version 2.0, client OpenSSH_4.7p1)
DEB [20210106-15:18:22.774] thr=8   paramiko.transport: kex algos:['diffie-hellman-group-exchange-sha256', 'diffie-hellman-group-exchange-sha1', 'diffie-hellman-group14-sha1', 'diffie-hellman-group1-sha1'] server key:['ssh-rsa', 'ssh-dss'] client encrypt:['aes128-cbc', '3des-cbc', 'blowfish-cbc', 'cast128-cbc', 'arcfour128', 'arcfour256', 'arcfour', 'aes192-cbc', 'aes256-cbc', 'rijndael-cbc@lysator.liu.se', 'aes128-ctr', 'aes192-ctr', 'aes256-ctr'] server encrypt:['aes128-cbc', '3des-cbc', 'blowfish-cbc', 'cast128-cbc', 'arcfour128', 'arcfour256', 'arcfour', 'aes192-cbc', 'aes256-cbc', 'rijndael-cbc@lysator.liu.se', 'aes128-ctr', 'aes192-ctr', 'aes256-ctr'] client mac:['hmac-md5', 'hmac-sha1', 'umac-64@openssh.com', 'hmac-ripemd160', 'hmac-ripemd160@openssh.com', 'hmac-sha1-96', 'hmac-md5-96'] server mac:['hmac-md5', 'hmac-sha1', 'umac-64@openssh.com', 'hmac-ripemd160', 'hmac-ripemd160@openssh.com', 'hmac-sha1-96', 'hmac-md5-96'] client compress:['none', 'zlib@openssh.com'] server compress:['none', 'zlib@openssh.com'] client lang:[''] server lang:[''] kex follows?False
DEB [20210106-15:18:22.774] thr=8   paramiko.transport: Kex agreed: diffie-hellman-group-exchange-sha256
DEB [20210106-15:18:22.774] thr=8   paramiko.transport: HostKey agreed: ssh-rsa
DEB [20210106-15:18:22.774] thr=8   paramiko.transport: Cipher agreed: aes128-ctr
DEB [20210106-15:18:22.774] thr=8   paramiko.transport: MAC agreed: hmac-sha1
DEB [20210106-15:18:22.774] thr=8   paramiko.transport: Compression agreed: none
DEB [20210106-15:18:22.783] thr=8   paramiko.transport: Got server p (2048 bits)
DEB [20210106-15:18:22.928] thr=8   paramiko.transport: kex engine KexGexSHA256 specified hash_algo <built-in function openssl_sha256>
DEB [20210106-15:18:22.928] thr=8   paramiko.transport: Switch to new keys ...
DEB [20210106-15:18:22.929] thr=2   paramiko.transport: Adding ssh-rsa host key for 192.168.1.61: b'5656240f211ddea72bae61b1243de8f3'
DEB [20210106-15:18:22.966] thr=2   paramiko.transport: Trying discovered key b'08367b315a8aebe0b26b0229add9ffd4' in C:\Users\Usuario/.ssh/id_rsa
DEB [20210106-15:18:22.967] thr=8   paramiko.transport: userauth is OK
INF [20210106-15:18:23.071] thr=8   paramiko.transport: Authentication (publickey) failed.
DEB [20210106-15:18:23.072] thr=8   paramiko.transport: userauth is OK
INF [20210106-15:18:25.327] thr=8   paramiko.transport: Authentication (password) failed.
DEB [20210106-15:18:28.334] thr=9   paramiko.transport: starting thread (client mode): 0xb20d4c10
DEB [20210106-15:18:28.334] thr=9   paramiko.transport: Local version/idstring: SSH-2.0-paramiko_2.7.2
DEB [20210106-15:18:28.341] thr=9   paramiko.transport: Remote version/idstring: SSH-2.0-OpenSSH_4.7p1 Debian-8ubuntu1
INF [20210106-15:18:28.342] thr=9   paramiko.transport: Connected (version 2.0, client OpenSSH_4.7p1)
DEB [20210106-15:18:28.344] thr=9   paramiko.transport: kex algos:['diffie-hellman-group-exchange-sha256', 'diffie-hellman-group-exchange-sha1', 'diffie-hellman-group14-sha1', 'diffie-hellman-group1-sha1'] server key:['ssh-rsa', 'ssh-dss'] client encrypt:['aes128-cbc', '3des-cbc', 'blowfish-cbc', 'cast128-cbc', 'arcfour128', 'arcfour256', 'arcfour', 'aes192-cbc', 'aes256-cbc', 'rijndael-cbc@lysator.liu.se', 'aes128-ctr', 'aes192-ctr', 'aes256-ctr'] server encrypt:['aes128-cbc', '3des-cbc', 'blowfish-cbc', 'cast128-cbc', 'arcfour128', 'arcfour256', 'arcfour', 'aes192-cbc', 'aes256-cbc', 'rijndael-cbc@lysator.liu.se', 'aes128-ctr', 'aes192-ctr', 'aes256-ctr'] client mac:['hmac-md5', 'hmac-sha1', 'umac-64@openssh.com', 'hmac-ripemd160', 'hmac-ripemd160@openssh.com', 'hmac-sha1-96', 'hmac-md5-96'] server mac:['hmac-md5', 'hmac-sha1', 'umac-64@openssh.com', 'hmac-ripemd160', 'hmac-ripemd160@openssh.com', 'hmac-sha1-96', 'hmac-md5-96'] client compress:['none', 'zlib@openssh.com'] server compress:['none', 'zlib@openssh.com'] client lang:[''] server lang:[''] kex follows?False
DEB [20210106-15:18:28.345] thr=9   paramiko.transport: Kex agreed: diffie-hellman-group-exchange-sha256
DEB [20210106-15:18:28.345] thr=9   paramiko.transport: HostKey agreed: ssh-rsa
DEB [20210106-15:18:28.366] thr=9   paramiko.transport: Cipher agreed: aes128-ctr
DEB [20210106-15:18:28.366] thr=9   paramiko.transport: MAC agreed: hmac-sha1
DEB [20210106-15:18:28.367] thr=9   paramiko.transport: Compression agreed: none
DEB [20210106-15:18:28.374] thr=9   paramiko.transport: Got server p (2048 bits)
DEB [20210106-15:18:28.600] thr=9   paramiko.transport: kex engine KexGexSHA256 specified hash_algo <built-in function openssl_sha256>
DEB [20210106-15:18:28.601] thr=9   paramiko.transport: Switch to new keys ...
DEB [20210106-15:18:28.603] thr=2   paramiko.transport: Adding ssh-rsa host key for 192.168.1.61: b'5656240f211ddea72bae61b1243de8f3'
DEB [20210106-15:18:28.667] thr=2   paramiko.transport: Trying discovered key b'08367b315a8aebe0b26b0229add9ffd4' in C:\Users\Usuario/.ssh/id_rsa
DEB [20210106-15:18:28.667] thr=9   paramiko.transport: userauth is OK
INF [20210106-15:18:28.790] thr=9   paramiko.transport: Authentication (publickey) failed.
DEB [20210106-15:18:28.791] thr=9   paramiko.transport: userauth is OK
INF [20210106-15:18:30.530] thr=9   paramiko.transport: Authentication (password) failed.
DEB [20210106-15:18:33.535] thr=10  paramiko.transport: starting thread (client mode): 0xb20c5700
DEB [20210106-15:18:33.535] thr=10  paramiko.transport: Local version/idstring: SSH-2.0-paramiko_2.7.2
DEB [20210106-15:18:33.537] thr=10  paramiko.transport: Remote version/idstring: SSH-2.0-OpenSSH_4.7p1 Debian-8ubuntu1
INF [20210106-15:18:33.537] thr=10  paramiko.transport: Connected (version 2.0, client OpenSSH_4.7p1)
DEB [20210106-15:18:33.541] thr=10  paramiko.transport: kex algos:['diffie-hellman-group-exchange-sha256', 'diffie-hellman-group-exchange-sha1', 'diffie-hellman-group14-sha1', 'diffie-hellman-group1-sha1'] server key:['ssh-rsa', 'ssh-dss'] client encrypt:['aes128-cbc', '3des-cbc', 'blowfish-cbc', 'cast128-cbc', 'arcfour128', 'arcfour256', 'arcfour', 'aes192-cbc', 'aes256-cbc', 'rijndael-cbc@lysator.liu.se', 'aes128-ctr', 'aes192-ctr', 'aes256-ctr'] server encrypt:['aes128-cbc', '3des-cbc', 'blowfish-cbc', 'cast128-cbc', 'arcfour128', 'arcfour256', 'arcfour', 'aes192-cbc', 'aes256-cbc', 'rijndael-cbc@lysator.liu.se', 'aes128-ctr', 'aes192-ctr', 'aes256-ctr'] client mac:['hmac-md5', 'hmac-sha1', 'umac-64@openssh.com', 'hmac-ripemd160', 'hmac-ripemd160@openssh.com', 'hmac-sha1-96', 'hmac-md5-96'] server mac:['hmac-md5', 'hmac-sha1', 'umac-64@openssh.com', 'hmac-ripemd160', 'hmac-ripemd160@openssh.com', 'hmac-sha1-96', 'hmac-md5-96'] client compress:['none', 'zlib@openssh.com'] server compress:['none', 'zlib@openssh.com'] client lang:[''] server lang:[''] kex follows?False
DEB [20210106-15:18:33.541] thr=10  paramiko.transport: Kex agreed: diffie-hellman-group-exchange-sha256
DEB [20210106-15:18:33.541] thr=10  paramiko.transport: HostKey agreed: ssh-rsa
DEB [20210106-15:18:33.541] thr=10  paramiko.transport: Cipher agreed: aes128-ctr
DEB [20210106-15:18:33.542] thr=10  paramiko.transport: MAC agreed: hmac-sha1
DEB [20210106-15:18:33.542] thr=10  paramiko.transport: Compression agreed: none
DEB [20210106-15:18:33.546] thr=10  paramiko.transport: Got server p (2048 bits)
DEB [20210106-15:18:33.642] thr=10  paramiko.transport: kex engine KexGexSHA256 specified hash_algo <built-in function openssl_sha256>
DEB [20210106-15:18:33.643] thr=10  paramiko.transport: Switch to new keys ...
DEB [20210106-15:18:33.643] thr=2   paramiko.transport: Adding ssh-rsa host key for 192.168.1.61: b'5656240f211ddea72bae61b1243de8f3'
DEB [20210106-15:18:33.674] thr=2   paramiko.transport: Trying discovered key b'08367b315a8aebe0b26b0229add9ffd4' in C:\Users\Usuario/.ssh/id_rsa
DEB [20210106-15:18:33.678] thr=10  paramiko.transport: userauth is OK
INF [20210106-15:18:33.810] thr=10  paramiko.transport: Authentication (publickey) failed.
DEB [20210106-15:18:33.812] thr=10  paramiko.transport: userauth is OK
INF [20210106-15:18:35.567] thr=10  paramiko.transport: Authentication (password) failed.
DEB [20210106-15:18:38.575] thr=11  paramiko.transport: starting thread (client mode): 0xb20db1f0
DEB [20210106-15:18:38.577] thr=11  paramiko.transport: Local version/idstring: SSH-2.0-paramiko_2.7.2
DEB [20210106-15:18:38.583] thr=11  paramiko.transport: Remote version/idstring: SSH-2.0-OpenSSH_4.7p1 Debian-8ubuntu1
INF [20210106-15:18:38.583] thr=11  paramiko.transport: Connected (version 2.0, client OpenSSH_4.7p1)
DEB [20210106-15:18:38.591] thr=11  paramiko.transport: kex algos:['diffie-hellman-group-exchange-sha256', 'diffie-hellman-group-exchange-sha1', 'diffie-hellman-group14-sha1', 'diffie-hellman-group1-sha1'] server key:['ssh-rsa', 'ssh-dss'] client encrypt:['aes128-cbc', '3des-cbc', 'blowfish-cbc', 'cast128-cbc', 'arcfour128', 'arcfour256', 'arcfour', 'aes192-cbc', 'aes256-cbc', 'rijndael-cbc@lysator.liu.se', 'aes128-ctr', 'aes192-ctr', 'aes256-ctr'] server encrypt:['aes128-cbc', '3des-cbc', 'blowfish-cbc', 'cast128-cbc', 'arcfour128', 'arcfour256', 'arcfour', 'aes192-cbc', 'aes256-cbc', 'rijndael-cbc@lysator.liu.se', 'aes128-ctr', 'aes192-ctr', 'aes256-ctr'] client mac:['hmac-md5', 'hmac-sha1', 'umac-64@openssh.com', 'hmac-ripemd160', 'hmac-ripemd160@openssh.com', 'hmac-sha1-96', 'hmac-md5-96'] server mac:['hmac-md5', 'hmac-sha1', 'umac-64@openssh.com', 'hmac-ripemd160', 'hmac-ripemd160@openssh.com', 'hmac-sha1-96', 'hmac-md5-96'] client compress:['none', 'zlib@openssh.com'] server compress:['none', 'zlib@openssh.com'] client lang:[''] server lang:[''] kex follows?False
DEB [20210106-15:18:38.591] thr=11  paramiko.transport: Kex agreed: diffie-hellman-group-exchange-sha256
DEB [20210106-15:18:38.591] thr=11  paramiko.transport: HostKey agreed: ssh-rsa
DEB [20210106-15:18:38.591] thr=11  paramiko.transport: Cipher agreed: aes128-ctr
DEB [20210106-15:18:38.593] thr=11  paramiko.transport: MAC agreed: hmac-sha1
DEB [20210106-15:18:38.593] thr=11  paramiko.transport: Compression agreed: none
DEB [20210106-15:18:38.601] thr=11  paramiko.transport: Got server p (2048 bits)
DEB [20210106-15:18:38.869] thr=11  paramiko.transport: kex engine KexGexSHA256 specified hash_algo <built-in function openssl_sha256>
DEB [20210106-15:18:38.870] thr=11  paramiko.transport: Switch to new keys ...
DEB [20210106-15:18:38.870] thr=2   paramiko.transport: Adding ssh-rsa host key for 192.168.1.61: b'5656240f211ddea72bae61b1243de8f3'
DEB [20210106-15:18:38.941] thr=2   paramiko.transport: Trying discovered key b'08367b315a8aebe0b26b0229add9ffd4' in C:\Users\Usuario/.ssh/id_rsa
DEB [20210106-15:18:38.943] thr=11  paramiko.transport: userauth is OK
INF [20210106-15:18:39.087] thr=11  paramiko.transport: Authentication (publickey) failed.
DEB [20210106-15:18:39.093] thr=11  paramiko.transport: userauth is OK
INF [20210106-15:18:40.874] thr=11  paramiko.transport: Authentication (password) failed.
DEB [20210106-15:18:43.880] thr=12  paramiko.transport: starting thread (client mode): 0xb20df7c0
DEB [20210106-15:18:43.880] thr=12  paramiko.transport: Local version/idstring: SSH-2.0-paramiko_2.7.2
ERR [20210106-15:18:43.882] thr=12  paramiko.transport: Exception: Error reading SSH protocol banner[WinError 10053] Se ha anulado una conexión establecida por el software en su equipo host
ERR [20210106-15:18:43.888] thr=12  paramiko.transport: Traceback (most recent call last):
ERR [20210106-15:18:43.889] thr=12  paramiko.transport:   File "C:\ProgramData\Anaconda3\lib\site-packages\paramiko\transport.py", line 2211, in _check_banner
ERR [20210106-15:18:43.889] thr=12  paramiko.transport:     buf = self.packetizer.readline(timeout)
ERR [20210106-15:18:43.889] thr=12  paramiko.transport:   File "C:\ProgramData\Anaconda3\lib\site-packages\paramiko\packet.py", line 380, in readline
ERR [20210106-15:18:43.889] thr=12  paramiko.transport:     buf += self._read_timeout(timeout)
ERR [20210106-15:18:43.889] thr=12  paramiko.transport:   File "C:\ProgramData\Anaconda3\lib\site-packages\paramiko\packet.py", line 607, in _read_timeout
ERR [20210106-15:18:43.889] thr=12  paramiko.transport:     x = self.__socket.recv(128)
ERR [20210106-15:18:43.891] thr=12  paramiko.transport: ConnectionAbortedError: [WinError 10053] Se ha anulado una conexión establecida por el software en su equipo host
ERR [20210106-15:18:43.891] thr=12  paramiko.transport: 
ERR [20210106-15:18:43.892] thr=12  paramiko.transport: During handling of the above exception, another exception occurred:
ERR [20210106-15:18:43.892] thr=12  paramiko.transport: 
ERR [20210106-15:18:43.892] thr=12  paramiko.transport: Traceback (most recent call last):
ERR [20210106-15:18:43.892] thr=12  paramiko.transport:   File "C:\ProgramData\Anaconda3\lib\site-packages\paramiko\transport.py", line 2039, in run
ERR [20210106-15:18:43.892] thr=12  paramiko.transport:     self._check_banner()
ERR [20210106-15:18:43.892] thr=12  paramiko.transport:   File "C:\ProgramData\Anaconda3\lib\site-packages\paramiko\transport.py", line 2215, in _check_banner
ERR [20210106-15:18:43.892] thr=12  paramiko.transport:     raise SSHException(
ERR [20210106-15:18:43.892] thr=12  paramiko.transport: paramiko.ssh_exception.SSHException: Error reading SSH protocol banner[WinError 10053] Se ha anulado una conexión establecida por el software en su equipo host
ERR [20210106-15:18:43.892] thr=12  paramiko.transport: 
DEB [20210106-15:18:46.902] thr=13  paramiko.transport: starting thread (client mode): 0xb20db1c0
DEB [20210106-15:18:46.903] thr=13  paramiko.transport: Local version/idstring: SSH-2.0-paramiko_2.7.2
ERR [20210106-15:18:46.905] thr=13  paramiko.transport: Exception: Error reading SSH protocol banner[WinError 10053] Se ha anulado una conexión establecida por el software en su equipo host
ERR [20210106-15:18:46.905] thr=13  paramiko.transport: Traceback (most recent call last):
ERR [20210106-15:18:46.905] thr=13  paramiko.transport:   File "C:\ProgramData\Anaconda3\lib\site-packages\paramiko\transport.py", line 2211, in _check_banner
ERR [20210106-15:18:46.908] thr=13  paramiko.transport:     buf = self.packetizer.readline(timeout)
ERR [20210106-15:18:46.908] thr=13  paramiko.transport:   File "C:\ProgramData\Anaconda3\lib\site-packages\paramiko\packet.py", line 380, in readline
ERR [20210106-15:18:46.908] thr=13  paramiko.transport:     buf += self._read_timeout(timeout)
ERR [20210106-15:18:46.908] thr=13  paramiko.transport:   File "C:\ProgramData\Anaconda3\lib\site-packages\paramiko\packet.py", line 607, in _read_timeout
ERR [20210106-15:18:46.909] thr=13  paramiko.transport:     x = self.__socket.recv(128)
ERR [20210106-15:18:46.909] thr=13  paramiko.transport: ConnectionAbortedError: [WinError 10053] Se ha anulado una conexión establecida por el software en su equipo host
ERR [20210106-15:18:46.909] thr=13  paramiko.transport: 
ERR [20210106-15:18:46.909] thr=13  paramiko.transport: During handling of the above exception, another exception occurred:
ERR [20210106-15:18:46.909] thr=13  paramiko.transport: 
ERR [20210106-15:18:46.909] thr=13  paramiko.transport: Traceback (most recent call last):
ERR [20210106-15:18:46.909] thr=13  paramiko.transport:   File "C:\ProgramData\Anaconda3\lib\site-packages\paramiko\transport.py", line 2039, in run
ERR [20210106-15:18:46.909] thr=13  paramiko.transport:     self._check_banner()
ERR [20210106-15:18:46.909] thr=13  paramiko.transport:   File "C:\ProgramData\Anaconda3\lib\site-packages\paramiko\transport.py", line 2215, in _check_banner
ERR [20210106-15:18:46.909] thr=13  paramiko.transport:     raise SSHException(
ERR [20210106-15:18:46.909] thr=13  paramiko.transport: paramiko.ssh_exception.SSHException: Error reading SSH protocol banner[WinError 10053] Se ha anulado una conexión establecida por el software en su equipo host
ERR [20210106-15:18:46.909] thr=13  paramiko.transport: 
DEB [20210106-15:18:49.916] thr=14  paramiko.transport: starting thread (client mode): 0xb20df640
DEB [20210106-15:18:49.918] thr=14  paramiko.transport: Local version/idstring: SSH-2.0-paramiko_2.7.2
ERR [20210106-15:18:49.919] thr=14  paramiko.transport: Exception: Error reading SSH protocol banner[WinError 10053] Se ha anulado una conexión establecida por el software en su equipo host
ERR [20210106-15:18:49.922] thr=14  paramiko.transport: Traceback (most recent call last):
ERR [20210106-15:18:49.922] thr=14  paramiko.transport:   File "C:\ProgramData\Anaconda3\lib\site-packages\paramiko\transport.py", line 2211, in _check_banner
ERR [20210106-15:18:49.922] thr=14  paramiko.transport:     buf = self.packetizer.readline(timeout)
ERR [20210106-15:18:49.922] thr=14  paramiko.transport:   File "C:\ProgramData\Anaconda3\lib\site-packages\paramiko\packet.py", line 380, in readline
ERR [20210106-15:18:49.923] thr=14  paramiko.transport:     buf += self._read_timeout(timeout)
ERR [20210106-15:18:49.923] thr=14  paramiko.transport:   File "C:\ProgramData\Anaconda3\lib\site-packages\paramiko\packet.py", line 607, in _read_timeout
ERR [20210106-15:18:49.923] thr=14  paramiko.transport:     x = self.__socket.recv(128)
ERR [20210106-15:18:49.924] thr=14  paramiko.transport: ConnectionAbortedError: [WinError 10053] Se ha anulado una conexión establecida por el software en su equipo host
ERR [20210106-15:18:49.924] thr=14  paramiko.transport: 
ERR [20210106-15:18:49.925] thr=14  paramiko.transport: During handling of the above exception, another exception occurred:
ERR [20210106-15:18:49.926] thr=14  paramiko.transport: 
ERR [20210106-15:18:49.926] thr=14  paramiko.transport: Traceback (most recent call last):
ERR [20210106-15:18:49.926] thr=14  paramiko.transport:   File "C:\ProgramData\Anaconda3\lib\site-packages\paramiko\transport.py", line 2039, in run
ERR [20210106-15:18:49.927] thr=14  paramiko.transport:     self._check_banner()
ERR [20210106-15:18:49.927] thr=14  paramiko.transport:   File "C:\ProgramData\Anaconda3\lib\site-packages\paramiko\transport.py", line 2215, in _check_banner
ERR [20210106-15:18:49.927] thr=14  paramiko.transport:     raise SSHException(
ERR [20210106-15:18:49.927] thr=14  paramiko.transport: paramiko.ssh_exception.SSHException: Error reading SSH protocol banner[WinError 10053] Se ha anulado una conexión establecida por el software en su equipo host
ERR [20210106-15:18:49.927] thr=14  paramiko.transport: 
DEB [20210106-15:18:52.937] thr=15  paramiko.transport: starting thread (client mode): 0xb20df4f0
DEB [20210106-15:18:52.938] thr=15  paramiko.transport: Local version/idstring: SSH-2.0-paramiko_2.7.2
ERR [20210106-15:18:52.938] thr=15  paramiko.transport: Exception: Error reading SSH protocol banner[WinError 10053] Se ha anulado una conexión establecida por el software en su equipo host
ERR [20210106-15:18:52.941] thr=15  paramiko.transport: Traceback (most recent call last):
ERR [20210106-15:18:52.942] thr=15  paramiko.transport:   File "C:\ProgramData\Anaconda3\lib\site-packages\paramiko\transport.py", line 2211, in _check_banner
ERR [20210106-15:18:52.942] thr=15  paramiko.transport:     buf = self.packetizer.readline(timeout)
ERR [20210106-15:18:52.942] thr=15  paramiko.transport:   File "C:\ProgramData\Anaconda3\lib\site-packages\paramiko\packet.py", line 380, in readline
ERR [20210106-15:18:52.942] thr=15  paramiko.transport:     buf += self._read_timeout(timeout)
ERR [20210106-15:18:52.942] thr=15  paramiko.transport:   File "C:\ProgramData\Anaconda3\lib\site-packages\paramiko\packet.py", line 607, in _read_timeout
ERR [20210106-15:18:52.942] thr=15  paramiko.transport:     x = self.__socket.recv(128)
ERR [20210106-15:18:52.942] thr=15  paramiko.transport: ConnectionAbortedError: [WinError 10053] Se ha anulado una conexión establecida por el software en su equipo host
ERR [20210106-15:18:52.942] thr=15  paramiko.transport: 
ERR [20210106-15:18:52.942] thr=15  paramiko.transport: During handling of the above exception, another exception occurred:
ERR [20210106-15:18:52.942] thr=15  paramiko.transport: 
ERR [20210106-15:18:52.942] thr=15  paramiko.transport: Traceback (most recent call last):
ERR [20210106-15:18:52.942] thr=15  paramiko.transport:   File "C:\ProgramData\Anaconda3\lib\site-packages\paramiko\transport.py", line 2039, in run
ERR [20210106-15:18:52.942] thr=15  paramiko.transport:     self._check_banner()
ERR [20210106-15:18:52.942] thr=15  paramiko.transport:   File "C:\ProgramData\Anaconda3\lib\site-packages\paramiko\transport.py", line 2215, in _check_banner
ERR [20210106-15:18:52.942] thr=15  paramiko.transport:     raise SSHException(
ERR [20210106-15:18:52.942] thr=15  paramiko.transport: paramiko.ssh_exception.SSHException: Error reading SSH protocol banner[WinError 10053] Se ha anulado una conexión establecida por el software en su equipo host
ERR [20210106-15:18:52.942] thr=15  paramiko.transport: 
DEB [20210106-15:18:55.954] thr=16  paramiko.transport: starting thread (client mode): 0xb21350a0
DEB [20210106-15:18:55.956] thr=16  paramiko.transport: Local version/idstring: SSH-2.0-paramiko_2.7.2
ERR [20210106-15:18:55.957] thr=16  paramiko.transport: Exception: Error reading SSH protocol banner[WinError 10053] Se ha anulado una conexión establecida por el software en su equipo host
ERR [20210106-15:18:55.958] thr=16  paramiko.transport: Traceback (most recent call last):
ERR [20210106-15:18:55.958] thr=16  paramiko.transport:   File "C:\ProgramData\Anaconda3\lib\site-packages\paramiko\transport.py", line 2211, in _check_banner
ERR [20210106-15:18:55.958] thr=16  paramiko.transport:     buf = self.packetizer.readline(timeout)
ERR [20210106-15:18:55.959] thr=16  paramiko.transport:   File "C:\ProgramData\Anaconda3\lib\site-packages\paramiko\packet.py", line 380, in readline
ERR [20210106-15:18:55.959] thr=16  paramiko.transport:     buf += self._read_timeout(timeout)
ERR [20210106-15:18:55.959] thr=16  paramiko.transport:   File "C:\ProgramData\Anaconda3\lib\site-packages\paramiko\packet.py", line 607, in _read_timeout
ERR [20210106-15:18:55.959] thr=16  paramiko.transport:     x = self.__socket.recv(128)
ERR [20210106-15:18:55.959] thr=16  paramiko.transport: ConnectionAbortedError: [WinError 10053] Se ha anulado una conexión establecida por el software en su equipo host
ERR [20210106-15:18:55.959] thr=16  paramiko.transport: 
ERR [20210106-15:18:55.960] thr=16  paramiko.transport: During handling of the above exception, another exception occurred:
ERR [20210106-15:18:55.960] thr=16  paramiko.transport: 
ERR [20210106-15:18:55.960] thr=16  paramiko.transport: Traceback (most recent call last):
ERR [20210106-15:18:55.960] thr=16  paramiko.transport:   File "C:\ProgramData\Anaconda3\lib\site-packages\paramiko\transport.py", line 2039, in run
ERR [20210106-15:18:55.960] thr=16  paramiko.transport:     self._check_banner()
ERR [20210106-15:18:55.961] thr=16  paramiko.transport:   File "C:\ProgramData\Anaconda3\lib\site-packages\paramiko\transport.py", line 2215, in _check_banner
ERR [20210106-15:18:55.961] thr=16  paramiko.transport:     raise SSHException(
ERR [20210106-15:18:55.961] thr=16  paramiko.transport: paramiko.ssh_exception.SSHException: Error reading SSH protocol banner[WinError 10053] Se ha anulado una conexión establecida por el software en su equipo host
ERR [20210106-15:18:55.961] thr=16  paramiko.transport: 
DEB [20210106-15:18:58.970] thr=17  paramiko.transport: starting thread (client mode): 0xb21358e0
DEB [20210106-15:18:58.971] thr=17  paramiko.transport: Local version/idstring: SSH-2.0-paramiko_2.7.2
ERR [20210106-15:18:58.972] thr=17  paramiko.transport: Exception: Error reading SSH protocol banner[WinError 10053] Se ha anulado una conexión establecida por el software en su equipo host
ERR [20210106-15:18:58.975] thr=17  paramiko.transport: Traceback (most recent call last):
ERR [20210106-15:18:58.975] thr=17  paramiko.transport:   File "C:\ProgramData\Anaconda3\lib\site-packages\paramiko\transport.py", line 2211, in _check_banner
ERR [20210106-15:18:58.975] thr=17  paramiko.transport:     buf = self.packetizer.readline(timeout)
ERR [20210106-15:18:58.976] thr=17  paramiko.transport:   File "C:\ProgramData\Anaconda3\lib\site-packages\paramiko\packet.py", line 380, in readline
ERR [20210106-15:18:58.976] thr=17  paramiko.transport:     buf += self._read_timeout(timeout)
ERR [20210106-15:18:58.976] thr=17  paramiko.transport:   File "C:\ProgramData\Anaconda3\lib\site-packages\paramiko\packet.py", line 607, in _read_timeout
ERR [20210106-15:18:58.976] thr=17  paramiko.transport:     x = self.__socket.recv(128)
ERR [20210106-15:18:58.976] thr=17  paramiko.transport: ConnectionAbortedError: [WinError 10053] Se ha anulado una conexión establecida por el software en su equipo host
ERR [20210106-15:18:58.977] thr=17  paramiko.transport: 
ERR [20210106-15:18:58.977] thr=17  paramiko.transport: During handling of the above exception, another exception occurred:
ERR [20210106-15:18:58.978] thr=17  paramiko.transport: 
ERR [20210106-15:18:58.979] thr=17  paramiko.transport: Traceback (most recent call last):
ERR [20210106-15:18:58.979] thr=17  paramiko.transport:   File "C:\ProgramData\Anaconda3\lib\site-packages\paramiko\transport.py", line 2039, in run
ERR [20210106-15:18:58.980] thr=17  paramiko.transport:     self._check_banner()
ERR [20210106-15:18:58.980] thr=17  paramiko.transport:   File "C:\ProgramData\Anaconda3\lib\site-packages\paramiko\transport.py", line 2215, in _check_banner
ERR [20210106-15:18:58.980] thr=17  paramiko.transport:     raise SSHException(
ERR [20210106-15:18:58.980] thr=17  paramiko.transport: paramiko.ssh_exception.SSHException: Error reading SSH protocol banner[WinError 10053] Se ha anulado una conexión establecida por el software en su equipo host
ERR [20210106-15:18:58.980] thr=17  paramiko.transport: 
DEB [20210106-15:18:58.984] thr=1   paramiko.transport: EOF in transport thread
DEB [20210106-15:18:58.986] thr=3   paramiko.transport: EOF in transport thread
DEB [20210106-15:18:58.987] thr=5   paramiko.transport: EOF in transport thread
DEB [20210106-15:18:58.989] thr=7   paramiko.transport: EOF in transport thread
DEB [20210106-15:19:14.177] thr=1   paramiko.transport: starting thread (client mode): 0xd7316af0
DEB [20210106-15:19:14.179] thr=1   paramiko.transport: Local version/idstring: SSH-2.0-paramiko_2.7.2
DEB [20210106-15:19:14.186] thr=1   paramiko.transport: Remote version/idstring: SSH-2.0-OpenSSH_4.7p1 Debian-8ubuntu1
INF [20210106-15:19:14.187] thr=1   paramiko.transport: Connected (version 2.0, client OpenSSH_4.7p1)
DEB [20210106-15:19:14.190] thr=1   paramiko.transport: kex algos:['diffie-hellman-group-exchange-sha256', 'diffie-hellman-group-exchange-sha1', 'diffie-hellman-group14-sha1', 'diffie-hellman-group1-sha1'] server key:['ssh-rsa', 'ssh-dss'] client encrypt:['aes128-cbc', '3des-cbc', 'blowfish-cbc', 'cast128-cbc', 'arcfour128', 'arcfour256', 'arcfour', 'aes192-cbc', 'aes256-cbc', 'rijndael-cbc@lysator.liu.se', 'aes128-ctr', 'aes192-ctr', 'aes256-ctr'] server encrypt:['aes128-cbc', '3des-cbc', 'blowfish-cbc', 'cast128-cbc', 'arcfour128', 'arcfour256', 'arcfour', 'aes192-cbc', 'aes256-cbc', 'rijndael-cbc@lysator.liu.se', 'aes128-ctr', 'aes192-ctr', 'aes256-ctr'] client mac:['hmac-md5', 'hmac-sha1', 'umac-64@openssh.com', 'hmac-ripemd160', 'hmac-ripemd160@openssh.com', 'hmac-sha1-96', 'hmac-md5-96'] server mac:['hmac-md5', 'hmac-sha1', 'umac-64@openssh.com', 'hmac-ripemd160', 'hmac-ripemd160@openssh.com', 'hmac-sha1-96', 'hmac-md5-96'] client compress:['none', 'zlib@openssh.com'] server compress:['none', 'zlib@openssh.com'] client lang:[''] server lang:[''] kex follows?False
DEB [20210106-15:19:14.191] thr=1   paramiko.transport: Kex agreed: diffie-hellman-group-exchange-sha256
DEB [20210106-15:19:14.192] thr=1   paramiko.transport: HostKey agreed: ssh-rsa
DEB [20210106-15:19:14.192] thr=1   paramiko.transport: Cipher agreed: aes128-ctr
DEB [20210106-15:19:14.193] thr=1   paramiko.transport: MAC agreed: hmac-sha1
DEB [20210106-15:19:14.193] thr=1   paramiko.transport: Compression agreed: none
DEB [20210106-15:19:14.197] thr=1   paramiko.transport: Got server p (2048 bits)
DEB [20210106-15:19:14.357] thr=1   paramiko.transport: kex engine KexGexSHA256 specified hash_algo <built-in function openssl_sha256>
DEB [20210106-15:19:14.358] thr=1   paramiko.transport: Switch to new keys ...
DEB [20210106-15:19:14.359] thr=2   paramiko.transport: Adding ssh-rsa host key for 192.168.1.61: b'5656240f211ddea72bae61b1243de8f3'
DEB [20210106-15:19:14.419] thr=2   paramiko.transport: Trying discovered key b'08367b315a8aebe0b26b0229add9ffd4' in C:\Users\Usuario/.ssh/id_rsa
DEB [20210106-15:19:14.422] thr=1   paramiko.transport: userauth is OK
INF [20210106-15:19:14.567] thr=1   paramiko.transport: Authentication (publickey) failed.
DEB [20210106-15:19:14.568] thr=1   paramiko.transport: userauth is OK
INF [20210106-15:19:16.631] thr=1   paramiko.transport: Authentication (password) failed.
DEB [20210106-15:19:19.641] thr=3   paramiko.transport: starting thread (client mode): 0xd77d17f0
DEB [20210106-15:19:19.642] thr=3   paramiko.transport: Local version/idstring: SSH-2.0-paramiko_2.7.2
DEB [20210106-15:19:19.649] thr=3   paramiko.transport: Remote version/idstring: SSH-2.0-OpenSSH_4.7p1 Debian-8ubuntu1
INF [20210106-15:19:19.649] thr=3   paramiko.transport: Connected (version 2.0, client OpenSSH_4.7p1)
DEB [20210106-15:19:19.655] thr=3   paramiko.transport: kex algos:['diffie-hellman-group-exchange-sha256', 'diffie-hellman-group-exchange-sha1', 'diffie-hellman-group14-sha1', 'diffie-hellman-group1-sha1'] server key:['ssh-rsa', 'ssh-dss'] client encrypt:['aes128-cbc', '3des-cbc', 'blowfish-cbc', 'cast128-cbc', 'arcfour128', 'arcfour256', 'arcfour', 'aes192-cbc', 'aes256-cbc', 'rijndael-cbc@lysator.liu.se', 'aes128-ctr', 'aes192-ctr', 'aes256-ctr'] server encrypt:['aes128-cbc', '3des-cbc', 'blowfish-cbc', 'cast128-cbc', 'arcfour128', 'arcfour256', 'arcfour', 'aes192-cbc', 'aes256-cbc', 'rijndael-cbc@lysator.liu.se', 'aes128-ctr', 'aes192-ctr', 'aes256-ctr'] client mac:['hmac-md5', 'hmac-sha1', 'umac-64@openssh.com', 'hmac-ripemd160', 'hmac-ripemd160@openssh.com', 'hmac-sha1-96', 'hmac-md5-96'] server mac:['hmac-md5', 'hmac-sha1', 'umac-64@openssh.com', 'hmac-ripemd160', 'hmac-ripemd160@openssh.com', 'hmac-sha1-96', 'hmac-md5-96'] client compress:['none', 'zlib@openssh.com'] server compress:['none', 'zlib@openssh.com'] client lang:[''] server lang:[''] kex follows?False
DEB [20210106-15:19:19.655] thr=3   paramiko.transport: Kex agreed: diffie-hellman-group-exchange-sha256
DEB [20210106-15:19:19.656] thr=3   paramiko.transport: HostKey agreed: ssh-rsa
DEB [20210106-15:19:19.656] thr=3   paramiko.transport: Cipher agreed: aes128-ctr
DEB [20210106-15:19:19.657] thr=3   paramiko.transport: MAC agreed: hmac-sha1
DEB [20210106-15:19:19.657] thr=3   paramiko.transport: Compression agreed: none
DEB [20210106-15:19:19.660] thr=3   paramiko.transport: Got server p (2048 bits)
DEB [20210106-15:19:19.878] thr=3   paramiko.transport: kex engine KexGexSHA256 specified hash_algo <built-in function openssl_sha256>
DEB [20210106-15:19:19.883] thr=3   paramiko.transport: Switch to new keys ...
DEB [20210106-15:19:19.885] thr=2   paramiko.transport: Adding ssh-rsa host key for 192.168.1.61: b'5656240f211ddea72bae61b1243de8f3'
DEB [20210106-15:19:19.966] thr=2   paramiko.transport: Trying discovered key b'08367b315a8aebe0b26b0229add9ffd4' in C:\Users\Usuario/.ssh/id_rsa
DEB [20210106-15:19:19.968] thr=3   paramiko.transport: userauth is OK
INF [20210106-15:19:20.095] thr=3   paramiko.transport: Authentication (publickey) failed.
DEB [20210106-15:19:20.096] thr=3   paramiko.transport: userauth is OK
INF [20210106-15:19:22.175] thr=3   paramiko.transport: Authentication (password) failed.
DEB [20210106-15:19:25.181] thr=4   paramiko.transport: starting thread (client mode): 0xd77dbe80
DEB [20210106-15:19:25.182] thr=4   paramiko.transport: Local version/idstring: SSH-2.0-paramiko_2.7.2
DEB [20210106-15:19:25.190] thr=4   paramiko.transport: Remote version/idstring: SSH-2.0-OpenSSH_4.7p1 Debian-8ubuntu1
INF [20210106-15:19:25.190] thr=4   paramiko.transport: Connected (version 2.0, client OpenSSH_4.7p1)
DEB [20210106-15:19:25.194] thr=4   paramiko.transport: kex algos:['diffie-hellman-group-exchange-sha256', 'diffie-hellman-group-exchange-sha1', 'diffie-hellman-group14-sha1', 'diffie-hellman-group1-sha1'] server key:['ssh-rsa', 'ssh-dss'] client encrypt:['aes128-cbc', '3des-cbc', 'blowfish-cbc', 'cast128-cbc', 'arcfour128', 'arcfour256', 'arcfour', 'aes192-cbc', 'aes256-cbc', 'rijndael-cbc@lysator.liu.se', 'aes128-ctr', 'aes192-ctr', 'aes256-ctr'] server encrypt:['aes128-cbc', '3des-cbc', 'blowfish-cbc', 'cast128-cbc', 'arcfour128', 'arcfour256', 'arcfour', 'aes192-cbc', 'aes256-cbc', 'rijndael-cbc@lysator.liu.se', 'aes128-ctr', 'aes192-ctr', 'aes256-ctr'] client mac:['hmac-md5', 'hmac-sha1', 'umac-64@openssh.com', 'hmac-ripemd160', 'hmac-ripemd160@openssh.com', 'hmac-sha1-96', 'hmac-md5-96'] server mac:['hmac-md5', 'hmac-sha1', 'umac-64@openssh.com', 'hmac-ripemd160', 'hmac-ripemd160@openssh.com', 'hmac-sha1-96', 'hmac-md5-96'] client compress:['none', 'zlib@openssh.com'] server compress:['none', 'zlib@openssh.com'] client lang:[''] server lang:[''] kex follows?False
DEB [20210106-15:19:25.194] thr=4   paramiko.transport: Kex agreed: diffie-hellman-group-exchange-sha256
DEB [20210106-15:19:25.195] thr=4   paramiko.transport: HostKey agreed: ssh-rsa
DEB [20210106-15:19:25.195] thr=4   paramiko.transport: Cipher agreed: aes128-ctr
DEB [20210106-15:19:25.196] thr=4   paramiko.transport: MAC agreed: hmac-sha1
DEB [20210106-15:19:25.196] thr=4   paramiko.transport: Compression agreed: none
DEB [20210106-15:19:25.199] thr=4   paramiko.transport: Got server p (2048 bits)
DEB [20210106-15:19:25.419] thr=4   paramiko.transport: kex engine KexGexSHA256 specified hash_algo <built-in function openssl_sha256>
DEB [20210106-15:19:25.420] thr=4   paramiko.transport: Switch to new keys ...
DEB [20210106-15:19:25.421] thr=2   paramiko.transport: Adding ssh-rsa host key for 192.168.1.61: b'5656240f211ddea72bae61b1243de8f3'
DEB [20210106-15:19:25.471] thr=2   paramiko.transport: Trying discovered key b'08367b315a8aebe0b26b0229add9ffd4' in C:\Users\Usuario/.ssh/id_rsa
DEB [20210106-15:19:25.471] thr=4   paramiko.transport: userauth is OK
INF [20210106-15:19:30.534] thr=4   paramiko.transport: Authentication (publickey) failed.
DEB [20210106-15:19:30.536] thr=4   paramiko.transport: userauth is OK
INF [20210106-15:19:32.788] thr=4   paramiko.transport: Authentication (password) failed.
DEB [20210106-15:19:35.796] thr=5   paramiko.transport: starting thread (client mode): 0xd7d73520
DEB [20210106-15:19:35.798] thr=5   paramiko.transport: Local version/idstring: SSH-2.0-paramiko_2.7.2
DEB [20210106-15:19:35.812] thr=5   paramiko.transport: Remote version/idstring: SSH-2.0-OpenSSH_4.7p1 Debian-8ubuntu1
INF [20210106-15:19:35.812] thr=5   paramiko.transport: Connected (version 2.0, client OpenSSH_4.7p1)
DEB [20210106-15:19:35.816] thr=5   paramiko.transport: kex algos:['diffie-hellman-group-exchange-sha256', 'diffie-hellman-group-exchange-sha1', 'diffie-hellman-group14-sha1', 'diffie-hellman-group1-sha1'] server key:['ssh-rsa', 'ssh-dss'] client encrypt:['aes128-cbc', '3des-cbc', 'blowfish-cbc', 'cast128-cbc', 'arcfour128', 'arcfour256', 'arcfour', 'aes192-cbc', 'aes256-cbc', 'rijndael-cbc@lysator.liu.se', 'aes128-ctr', 'aes192-ctr', 'aes256-ctr'] server encrypt:['aes128-cbc', '3des-cbc', 'blowfish-cbc', 'cast128-cbc', 'arcfour128', 'arcfour256', 'arcfour', 'aes192-cbc', 'aes256-cbc', 'rijndael-cbc@lysator.liu.se', 'aes128-ctr', 'aes192-ctr', 'aes256-ctr'] client mac:['hmac-md5', 'hmac-sha1', 'umac-64@openssh.com', 'hmac-ripemd160', 'hmac-ripemd160@openssh.com', 'hmac-sha1-96', 'hmac-md5-96'] server mac:['hmac-md5', 'hmac-sha1', 'umac-64@openssh.com', 'hmac-ripemd160', 'hmac-ripemd160@openssh.com', 'hmac-sha1-96', 'hmac-md5-96'] client compress:['none', 'zlib@openssh.com'] server compress:['none', 'zlib@openssh.com'] client lang:[''] server lang:[''] kex follows?False
DEB [20210106-15:19:35.816] thr=5   paramiko.transport: Kex agreed: diffie-hellman-group-exchange-sha256
DEB [20210106-15:19:35.817] thr=5   paramiko.transport: HostKey agreed: ssh-rsa
DEB [20210106-15:19:35.817] thr=5   paramiko.transport: Cipher agreed: aes128-ctr
DEB [20210106-15:19:35.818] thr=5   paramiko.transport: MAC agreed: hmac-sha1
DEB [20210106-15:19:35.818] thr=5   paramiko.transport: Compression agreed: none
DEB [20210106-15:19:35.824] thr=5   paramiko.transport: Got server p (2048 bits)
DEB [20210106-15:19:36.053] thr=5   paramiko.transport: kex engine KexGexSHA256 specified hash_algo <built-in function openssl_sha256>
DEB [20210106-15:19:36.054] thr=5   paramiko.transport: Switch to new keys ...
DEB [20210106-15:19:36.055] thr=2   paramiko.transport: Adding ssh-rsa host key for 192.168.1.61: b'5656240f211ddea72bae61b1243de8f3'
DEB [20210106-15:19:36.087] thr=2   paramiko.transport: Trying discovered key b'08367b315a8aebe0b26b0229add9ffd4' in C:\Users\Usuario/.ssh/id_rsa
DEB [20210106-15:19:36.091] thr=5   paramiko.transport: userauth is OK
INF [20210106-15:19:36.173] thr=5   paramiko.transport: Authentication (publickey) failed.
DEB [20210106-15:19:36.174] thr=5   paramiko.transport: userauth is OK
INF [20210106-15:19:38.912] thr=5   paramiko.transport: Authentication (password) failed.
DEB [20210106-15:19:41.921] thr=6   paramiko.transport: starting thread (client mode): 0xd7757c40
DEB [20210106-15:19:41.922] thr=6   paramiko.transport: Local version/idstring: SSH-2.0-paramiko_2.7.2
DEB [20210106-15:19:41.931] thr=6   paramiko.transport: Remote version/idstring: SSH-2.0-OpenSSH_4.7p1 Debian-8ubuntu1
INF [20210106-15:19:41.932] thr=6   paramiko.transport: Connected (version 2.0, client OpenSSH_4.7p1)
DEB [20210106-15:19:41.936] thr=6   paramiko.transport: kex algos:['diffie-hellman-group-exchange-sha256', 'diffie-hellman-group-exchange-sha1', 'diffie-hellman-group14-sha1', 'diffie-hellman-group1-sha1'] server key:['ssh-rsa', 'ssh-dss'] client encrypt:['aes128-cbc', '3des-cbc', 'blowfish-cbc', 'cast128-cbc', 'arcfour128', 'arcfour256', 'arcfour', 'aes192-cbc', 'aes256-cbc', 'rijndael-cbc@lysator.liu.se', 'aes128-ctr', 'aes192-ctr', 'aes256-ctr'] server encrypt:['aes128-cbc', '3des-cbc', 'blowfish-cbc', 'cast128-cbc', 'arcfour128', 'arcfour256', 'arcfour', 'aes192-cbc', 'aes256-cbc', 'rijndael-cbc@lysator.liu.se', 'aes128-ctr', 'aes192-ctr', 'aes256-ctr'] client mac:['hmac-md5', 'hmac-sha1', 'umac-64@openssh.com', 'hmac-ripemd160', 'hmac-ripemd160@openssh.com', 'hmac-sha1-96', 'hmac-md5-96'] server mac:['hmac-md5', 'hmac-sha1', 'umac-64@openssh.com', 'hmac-ripemd160', 'hmac-ripemd160@openssh.com', 'hmac-sha1-96', 'hmac-md5-96'] client compress:['none', 'zlib@openssh.com'] server compress:['none', 'zlib@openssh.com'] client lang:[''] server lang:[''] kex follows?False
DEB [20210106-15:19:41.936] thr=6   paramiko.transport: Kex agreed: diffie-hellman-group-exchange-sha256
DEB [20210106-15:19:41.936] thr=6   paramiko.transport: HostKey agreed: ssh-rsa
DEB [20210106-15:19:41.936] thr=6   paramiko.transport: Cipher agreed: aes128-ctr
DEB [20210106-15:19:41.936] thr=6   paramiko.transport: MAC agreed: hmac-sha1
DEB [20210106-15:19:41.936] thr=6   paramiko.transport: Compression agreed: none
DEB [20210106-15:19:41.943] thr=6   paramiko.transport: Got server p (2048 bits)
DEB [20210106-15:19:42.105] thr=6   paramiko.transport: kex engine KexGexSHA256 specified hash_algo <built-in function openssl_sha256>
DEB [20210106-15:19:42.105] thr=6   paramiko.transport: Switch to new keys ...
DEB [20210106-15:19:42.106] thr=2   paramiko.transport: Adding ssh-rsa host key for 192.168.1.61: b'5656240f211ddea72bae61b1243de8f3'
DEB [20210106-15:19:42.149] thr=2   paramiko.transport: Trying discovered key b'08367b315a8aebe0b26b0229add9ffd4' in C:\Users\Usuario/.ssh/id_rsa
DEB [20210106-15:19:42.150] thr=6   paramiko.transport: userauth is OK
INF [20210106-15:20:02.149] thr=6   paramiko.transport: Authentication (publickey) failed.
DEB [20210106-15:20:02.152] thr=6   paramiko.transport: userauth is OK
INF [20210106-15:20:04.465] thr=6   paramiko.transport: Authentication (password) failed.
DEB [20210106-15:20:07.470] thr=7   paramiko.transport: starting thread (client mode): 0xd7d7a070
DEB [20210106-15:20:07.472] thr=7   paramiko.transport: Local version/idstring: SSH-2.0-paramiko_2.7.2
DEB [20210106-15:20:07.481] thr=7   paramiko.transport: Remote version/idstring: SSH-2.0-OpenSSH_4.7p1 Debian-8ubuntu1
INF [20210106-15:20:07.483] thr=7   paramiko.transport: Connected (version 2.0, client OpenSSH_4.7p1)
DEB [20210106-15:20:07.487] thr=7   paramiko.transport: kex algos:['diffie-hellman-group-exchange-sha256', 'diffie-hellman-group-exchange-sha1', 'diffie-hellman-group14-sha1', 'diffie-hellman-group1-sha1'] server key:['ssh-rsa', 'ssh-dss'] client encrypt:['aes128-cbc', '3des-cbc', 'blowfish-cbc', 'cast128-cbc', 'arcfour128', 'arcfour256', 'arcfour', 'aes192-cbc', 'aes256-cbc', 'rijndael-cbc@lysator.liu.se', 'aes128-ctr', 'aes192-ctr', 'aes256-ctr'] server encrypt:['aes128-cbc', '3des-cbc', 'blowfish-cbc', 'cast128-cbc', 'arcfour128', 'arcfour256', 'arcfour', 'aes192-cbc', 'aes256-cbc', 'rijndael-cbc@lysator.liu.se', 'aes128-ctr', 'aes192-ctr', 'aes256-ctr'] client mac:['hmac-md5', 'hmac-sha1', 'umac-64@openssh.com', 'hmac-ripemd160', 'hmac-ripemd160@openssh.com', 'hmac-sha1-96', 'hmac-md5-96'] server mac:['hmac-md5', 'hmac-sha1', 'umac-64@openssh.com', 'hmac-ripemd160', 'hmac-ripemd160@openssh.com', 'hmac-sha1-96', 'hmac-md5-96'] client compress:['none', 'zlib@openssh.com'] server compress:['none', 'zlib@openssh.com'] client lang:[''] server lang:[''] kex follows?False
DEB [20210106-15:20:07.487] thr=7   paramiko.transport: Kex agreed: diffie-hellman-group-exchange-sha256
DEB [20210106-15:20:07.487] thr=7   paramiko.transport: HostKey agreed: ssh-rsa
DEB [20210106-15:20:07.487] thr=7   paramiko.transport: Cipher agreed: aes128-ctr
DEB [20210106-15:20:07.487] thr=7   paramiko.transport: MAC agreed: hmac-sha1
DEB [20210106-15:20:07.487] thr=7   paramiko.transport: Compression agreed: none
DEB [20210106-15:20:07.499] thr=7   paramiko.transport: Got server p (2048 bits)
DEB [20210106-15:20:07.752] thr=7   paramiko.transport: kex engine KexGexSHA256 specified hash_algo <built-in function openssl_sha256>
DEB [20210106-15:20:07.754] thr=7   paramiko.transport: Switch to new keys ...
DEB [20210106-15:20:07.755] thr=2   paramiko.transport: Adding ssh-rsa host key for 192.168.1.61: b'5656240f211ddea72bae61b1243de8f3'
DEB [20210106-15:20:07.834] thr=2   paramiko.transport: Trying discovered key b'08367b315a8aebe0b26b0229add9ffd4' in C:\Users\Usuario/.ssh/id_rsa
DEB [20210106-15:20:07.835] thr=7   paramiko.transport: userauth is OK
INF [20210106-15:20:07.924] thr=7   paramiko.transport: Authentication (publickey) failed.
DEB [20210106-15:20:07.926] thr=7   paramiko.transport: userauth is OK
INF [20210106-15:20:09.590] thr=7   paramiko.transport: Authentication (password) failed.
DEB [20210106-15:20:12.597] thr=8   paramiko.transport: starting thread (client mode): 0xd7d80640
DEB [20210106-15:20:12.598] thr=8   paramiko.transport: Local version/idstring: SSH-2.0-paramiko_2.7.2
DEB [20210106-15:20:12.605] thr=8   paramiko.transport: Remote version/idstring: SSH-2.0-OpenSSH_4.7p1 Debian-8ubuntu1
INF [20210106-15:20:12.605] thr=8   paramiko.transport: Connected (version 2.0, client OpenSSH_4.7p1)
DEB [20210106-15:20:12.609] thr=8   paramiko.transport: kex algos:['diffie-hellman-group-exchange-sha256', 'diffie-hellman-group-exchange-sha1', 'diffie-hellman-group14-sha1', 'diffie-hellman-group1-sha1'] server key:['ssh-rsa', 'ssh-dss'] client encrypt:['aes128-cbc', '3des-cbc', 'blowfish-cbc', 'cast128-cbc', 'arcfour128', 'arcfour256', 'arcfour', 'aes192-cbc', 'aes256-cbc', 'rijndael-cbc@lysator.liu.se', 'aes128-ctr', 'aes192-ctr', 'aes256-ctr'] server encrypt:['aes128-cbc', '3des-cbc', 'blowfish-cbc', 'cast128-cbc', 'arcfour128', 'arcfour256', 'arcfour', 'aes192-cbc', 'aes256-cbc', 'rijndael-cbc@lysator.liu.se', 'aes128-ctr', 'aes192-ctr', 'aes256-ctr'] client mac:['hmac-md5', 'hmac-sha1', 'umac-64@openssh.com', 'hmac-ripemd160', 'hmac-ripemd160@openssh.com', 'hmac-sha1-96', 'hmac-md5-96'] server mac:['hmac-md5', 'hmac-sha1', 'umac-64@openssh.com', 'hmac-ripemd160', 'hmac-ripemd160@openssh.com', 'hmac-sha1-96', 'hmac-md5-96'] client compress:['none', 'zlib@openssh.com'] server compress:['none', 'zlib@openssh.com'] client lang:[''] server lang:[''] kex follows?False
DEB [20210106-15:20:12.610] thr=8   paramiko.transport: Kex agreed: diffie-hellman-group-exchange-sha256
DEB [20210106-15:20:12.610] thr=8   paramiko.transport: HostKey agreed: ssh-rsa
DEB [20210106-15:20:12.610] thr=8   paramiko.transport: Cipher agreed: aes128-ctr
DEB [20210106-15:20:12.610] thr=8   paramiko.transport: MAC agreed: hmac-sha1
DEB [20210106-15:20:12.610] thr=8   paramiko.transport: Compression agreed: none
DEB [20210106-15:20:12.615] thr=8   paramiko.transport: Got server p (2048 bits)
DEB [20210106-15:20:12.816] thr=8   paramiko.transport: kex engine KexGexSHA256 specified hash_algo <built-in function openssl_sha256>
DEB [20210106-15:20:12.817] thr=8   paramiko.transport: Switch to new keys ...
DEB [20210106-15:20:12.817] thr=2   paramiko.transport: Adding ssh-rsa host key for 192.168.1.61: b'5656240f211ddea72bae61b1243de8f3'
DEB [20210106-15:20:12.856] thr=2   paramiko.transport: Trying discovered key b'08367b315a8aebe0b26b0229add9ffd4' in C:\Users\Usuario/.ssh/id_rsa
DEB [20210106-15:20:12.857] thr=8   paramiko.transport: userauth is OK
INF [20210106-15:20:12.933] thr=8   paramiko.transport: Authentication (publickey) failed.
DEB [20210106-15:20:12.934] thr=8   paramiko.transport: userauth is OK
INF [20210106-15:20:15.281] thr=8   paramiko.transport: Authentication (password) failed.
DEB [20210106-15:20:18.285] thr=9   paramiko.transport: starting thread (client mode): 0xd7d84c10
DEB [20210106-15:20:18.286] thr=9   paramiko.transport: Local version/idstring: SSH-2.0-paramiko_2.7.2
DEB [20210106-15:20:18.287] thr=9   paramiko.transport: Remote version/idstring: SSH-2.0-OpenSSH_4.7p1 Debian-8ubuntu1
INF [20210106-15:20:18.287] thr=9   paramiko.transport: Connected (version 2.0, client OpenSSH_4.7p1)
DEB [20210106-15:20:18.293] thr=9   paramiko.transport: kex algos:['diffie-hellman-group-exchange-sha256', 'diffie-hellman-group-exchange-sha1', 'diffie-hellman-group14-sha1', 'diffie-hellman-group1-sha1'] server key:['ssh-rsa', 'ssh-dss'] client encrypt:['aes128-cbc', '3des-cbc', 'blowfish-cbc', 'cast128-cbc', 'arcfour128', 'arcfour256', 'arcfour', 'aes192-cbc', 'aes256-cbc', 'rijndael-cbc@lysator.liu.se', 'aes128-ctr', 'aes192-ctr', 'aes256-ctr'] server encrypt:['aes128-cbc', '3des-cbc', 'blowfish-cbc', 'cast128-cbc', 'arcfour128', 'arcfour256', 'arcfour', 'aes192-cbc', 'aes256-cbc', 'rijndael-cbc@lysator.liu.se', 'aes128-ctr', 'aes192-ctr', 'aes256-ctr'] client mac:['hmac-md5', 'hmac-sha1', 'umac-64@openssh.com', 'hmac-ripemd160', 'hmac-ripemd160@openssh.com', 'hmac-sha1-96', 'hmac-md5-96'] server mac:['hmac-md5', 'hmac-sha1', 'umac-64@openssh.com', 'hmac-ripemd160', 'hmac-ripemd160@openssh.com', 'hmac-sha1-96', 'hmac-md5-96'] client compress:['none', 'zlib@openssh.com'] server compress:['none', 'zlib@openssh.com'] client lang:[''] server lang:[''] kex follows?False
DEB [20210106-15:20:18.294] thr=9   paramiko.transport: Kex agreed: diffie-hellman-group-exchange-sha256
DEB [20210106-15:20:18.294] thr=9   paramiko.transport: HostKey agreed: ssh-rsa
DEB [20210106-15:20:18.294] thr=9   paramiko.transport: Cipher agreed: aes128-ctr
DEB [20210106-15:20:18.294] thr=9   paramiko.transport: MAC agreed: hmac-sha1
DEB [20210106-15:20:18.294] thr=9   paramiko.transport: Compression agreed: none
DEB [20210106-15:20:18.296] thr=9   paramiko.transport: Got server p (2048 bits)
DEB [20210106-15:20:18.446] thr=9   paramiko.transport: kex engine KexGexSHA256 specified hash_algo <built-in function openssl_sha256>
DEB [20210106-15:20:18.447] thr=9   paramiko.transport: Switch to new keys ...
DEB [20210106-15:20:18.448] thr=2   paramiko.transport: Adding ssh-rsa host key for 192.168.1.61: b'5656240f211ddea72bae61b1243de8f3'
DEB [20210106-15:20:18.495] thr=2   paramiko.transport: Trying discovered key b'08367b315a8aebe0b26b0229add9ffd4' in C:\Users\Usuario/.ssh/id_rsa
DEB [20210106-15:20:18.499] thr=9   paramiko.transport: userauth is OK
INF [20210106-15:20:18.566] thr=9   paramiko.transport: Authentication (publickey) failed.
DEB [20210106-15:20:18.570] thr=9   paramiko.transport: userauth is OK
INF [20210106-15:20:21.083] thr=9   paramiko.transport: Authentication (password) failed.
DEB [20210106-15:20:24.088] thr=10  paramiko.transport: starting thread (client mode): 0xd7d75730
DEB [20210106-15:20:24.089] thr=10  paramiko.transport: Local version/idstring: SSH-2.0-paramiko_2.7.2
DEB [20210106-15:20:24.095] thr=10  paramiko.transport: Remote version/idstring: SSH-2.0-OpenSSH_4.7p1 Debian-8ubuntu1
INF [20210106-15:20:24.095] thr=10  paramiko.transport: Connected (version 2.0, client OpenSSH_4.7p1)
DEB [20210106-15:20:24.100] thr=10  paramiko.transport: kex algos:['diffie-hellman-group-exchange-sha256', 'diffie-hellman-group-exchange-sha1', 'diffie-hellman-group14-sha1', 'diffie-hellman-group1-sha1'] server key:['ssh-rsa', 'ssh-dss'] client encrypt:['aes128-cbc', '3des-cbc', 'blowfish-cbc', 'cast128-cbc', 'arcfour128', 'arcfour256', 'arcfour', 'aes192-cbc', 'aes256-cbc', 'rijndael-cbc@lysator.liu.se', 'aes128-ctr', 'aes192-ctr', 'aes256-ctr'] server encrypt:['aes128-cbc', '3des-cbc', 'blowfish-cbc', 'cast128-cbc', 'arcfour128', 'arcfour256', 'arcfour', 'aes192-cbc', 'aes256-cbc', 'rijndael-cbc@lysator.liu.se', 'aes128-ctr', 'aes192-ctr', 'aes256-ctr'] client mac:['hmac-md5', 'hmac-sha1', 'umac-64@openssh.com', 'hmac-ripemd160', 'hmac-ripemd160@openssh.com', 'hmac-sha1-96', 'hmac-md5-96'] server mac:['hmac-md5', 'hmac-sha1', 'umac-64@openssh.com', 'hmac-ripemd160', 'hmac-ripemd160@openssh.com', 'hmac-sha1-96', 'hmac-md5-96'] client compress:['none', 'zlib@openssh.com'] server compress:['none', 'zlib@openssh.com'] client lang:[''] server lang:[''] kex follows?False
DEB [20210106-15:20:24.100] thr=10  paramiko.transport: Kex agreed: diffie-hellman-group-exchange-sha256
DEB [20210106-15:20:24.100] thr=10  paramiko.transport: HostKey agreed: ssh-rsa
DEB [20210106-15:20:24.100] thr=10  paramiko.transport: Cipher agreed: aes128-ctr
DEB [20210106-15:20:24.100] thr=10  paramiko.transport: MAC agreed: hmac-sha1
DEB [20210106-15:20:24.100] thr=10  paramiko.transport: Compression agreed: none
DEB [20210106-15:20:24.105] thr=10  paramiko.transport: Got server p (2048 bits)
DEB [20210106-15:20:24.296] thr=10  paramiko.transport: kex engine KexGexSHA256 specified hash_algo <built-in function openssl_sha256>
DEB [20210106-15:20:24.296] thr=10  paramiko.transport: Switch to new keys ...
DEB [20210106-15:20:24.296] thr=2   paramiko.transport: Adding ssh-rsa host key for 192.168.1.61: b'5656240f211ddea72bae61b1243de8f3'
DEB [20210106-15:20:24.352] thr=2   paramiko.transport: Trying discovered key b'08367b315a8aebe0b26b0229add9ffd4' in C:\Users\Usuario/.ssh/id_rsa
DEB [20210106-15:20:24.352] thr=10  paramiko.transport: userauth is OK
INF [20210106-15:20:24.505] thr=10  paramiko.transport: Authentication (publickey) failed.
DEB [20210106-15:20:24.507] thr=10  paramiko.transport: userauth is OK
INF [20210106-15:20:26.839] thr=10  paramiko.transport: Authentication (password) failed.
DEB [20210106-15:20:29.847] thr=11  paramiko.transport: starting thread (client mode): 0xd7d8b1f0
DEB [20210106-15:20:29.848] thr=11  paramiko.transport: Local version/idstring: SSH-2.0-paramiko_2.7.2
DEB [20210106-15:20:29.855] thr=11  paramiko.transport: Remote version/idstring: SSH-2.0-OpenSSH_4.7p1 Debian-8ubuntu1
INF [20210106-15:20:29.855] thr=11  paramiko.transport: Connected (version 2.0, client OpenSSH_4.7p1)
DEB [20210106-15:20:29.859] thr=11  paramiko.transport: kex algos:['diffie-hellman-group-exchange-sha256', 'diffie-hellman-group-exchange-sha1', 'diffie-hellman-group14-sha1', 'diffie-hellman-group1-sha1'] server key:['ssh-rsa', 'ssh-dss'] client encrypt:['aes128-cbc', '3des-cbc', 'blowfish-cbc', 'cast128-cbc', 'arcfour128', 'arcfour256', 'arcfour', 'aes192-cbc', 'aes256-cbc', 'rijndael-cbc@lysator.liu.se', 'aes128-ctr', 'aes192-ctr', 'aes256-ctr'] server encrypt:['aes128-cbc', '3des-cbc', 'blowfish-cbc', 'cast128-cbc', 'arcfour128', 'arcfour256', 'arcfour', 'aes192-cbc', 'aes256-cbc', 'rijndael-cbc@lysator.liu.se', 'aes128-ctr', 'aes192-ctr', 'aes256-ctr'] client mac:['hmac-md5', 'hmac-sha1', 'umac-64@openssh.com', 'hmac-ripemd160', 'hmac-ripemd160@openssh.com', 'hmac-sha1-96', 'hmac-md5-96'] server mac:['hmac-md5', 'hmac-sha1', 'umac-64@openssh.com', 'hmac-ripemd160', 'hmac-ripemd160@openssh.com', 'hmac-sha1-96', 'hmac-md5-96'] client compress:['none', 'zlib@openssh.com'] server compress:['none', 'zlib@openssh.com'] client lang:[''] server lang:[''] kex follows?False
DEB [20210106-15:20:29.859] thr=11  paramiko.transport: Kex agreed: diffie-hellman-group-exchange-sha256
DEB [20210106-15:20:29.860] thr=11  paramiko.transport: HostKey agreed: ssh-rsa
DEB [20210106-15:20:29.860] thr=11  paramiko.transport: Cipher agreed: aes128-ctr
DEB [20210106-15:20:29.860] thr=11  paramiko.transport: MAC agreed: hmac-sha1
DEB [20210106-15:20:29.860] thr=11  paramiko.transport: Compression agreed: none
DEB [20210106-15:20:29.866] thr=11  paramiko.transport: Got server p (2048 bits)
DEB [20210106-15:20:30.029] thr=11  paramiko.transport: kex engine KexGexSHA256 specified hash_algo <built-in function openssl_sha256>
DEB [20210106-15:20:30.029] thr=11  paramiko.transport: Switch to new keys ...
DEB [20210106-15:20:30.034] thr=2   paramiko.transport: Adding ssh-rsa host key for 192.168.1.61: b'5656240f211ddea72bae61b1243de8f3'
DEB [20210106-15:20:30.079] thr=2   paramiko.transport: Trying discovered key b'08367b315a8aebe0b26b0229add9ffd4' in C:\Users\Usuario/.ssh/id_rsa
DEB [20210106-15:20:30.084] thr=11  paramiko.transport: userauth is OK
INF [20210106-15:20:30.138] thr=11  paramiko.transport: Authentication (publickey) failed.
DEB [20210106-15:20:30.139] thr=11  paramiko.transport: userauth is OK
INF [20210106-15:20:32.630] thr=11  paramiko.transport: Authentication (password) failed.
DEB [20210106-15:20:35.637] thr=12  paramiko.transport: starting thread (client mode): 0xd7d907c0
DEB [20210106-15:20:35.638] thr=12  paramiko.transport: Local version/idstring: SSH-2.0-paramiko_2.7.2
ERR [20210106-15:20:35.639] thr=12  paramiko.transport: Exception: Error reading SSH protocol banner[WinError 10053] Se ha anulado una conexión establecida por el software en su equipo host
ERR [20210106-15:20:35.645] thr=12  paramiko.transport: Traceback (most recent call last):
ERR [20210106-15:20:35.645] thr=12  paramiko.transport:   File "C:\ProgramData\Anaconda3\lib\site-packages\paramiko\transport.py", line 2211, in _check_banner
ERR [20210106-15:20:35.645] thr=12  paramiko.transport:     buf = self.packetizer.readline(timeout)
ERR [20210106-15:20:35.645] thr=12  paramiko.transport:   File "C:\ProgramData\Anaconda3\lib\site-packages\paramiko\packet.py", line 380, in readline
ERR [20210106-15:20:35.645] thr=12  paramiko.transport:     buf += self._read_timeout(timeout)
ERR [20210106-15:20:35.645] thr=12  paramiko.transport:   File "C:\ProgramData\Anaconda3\lib\site-packages\paramiko\packet.py", line 607, in _read_timeout
ERR [20210106-15:20:35.645] thr=12  paramiko.transport:     x = self.__socket.recv(128)
ERR [20210106-15:20:35.645] thr=12  paramiko.transport: ConnectionAbortedError: [WinError 10053] Se ha anulado una conexión establecida por el software en su equipo host
ERR [20210106-15:20:35.645] thr=12  paramiko.transport: 
ERR [20210106-15:20:35.645] thr=12  paramiko.transport: During handling of the above exception, another exception occurred:
ERR [20210106-15:20:35.645] thr=12  paramiko.transport: 
ERR [20210106-15:20:35.645] thr=12  paramiko.transport: Traceback (most recent call last):
ERR [20210106-15:20:35.645] thr=12  paramiko.transport:   File "C:\ProgramData\Anaconda3\lib\site-packages\paramiko\transport.py", line 2039, in run
ERR [20210106-15:20:35.645] thr=12  paramiko.transport:     self._check_banner()
ERR [20210106-15:20:35.645] thr=12  paramiko.transport:   File "C:\ProgramData\Anaconda3\lib\site-packages\paramiko\transport.py", line 2215, in _check_banner
ERR [20210106-15:20:35.645] thr=12  paramiko.transport:     raise SSHException(
ERR [20210106-15:20:35.645] thr=12  paramiko.transport: paramiko.ssh_exception.SSHException: Error reading SSH protocol banner[WinError 10053] Se ha anulado una conexión establecida por el software en su equipo host
ERR [20210106-15:20:35.645] thr=12  paramiko.transport: 
DEB [20210106-15:20:38.659] thr=13  paramiko.transport: starting thread (client mode): 0xd7d8b1c0
DEB [20210106-15:20:38.660] thr=13  paramiko.transport: Local version/idstring: SSH-2.0-paramiko_2.7.2
ERR [20210106-15:20:38.660] thr=13  paramiko.transport: Exception: Error reading SSH protocol banner[WinError 10053] Se ha anulado una conexión establecida por el software en su equipo host
ERR [20210106-15:20:38.661] thr=13  paramiko.transport: Traceback (most recent call last):
ERR [20210106-15:20:38.661] thr=13  paramiko.transport:   File "C:\ProgramData\Anaconda3\lib\site-packages\paramiko\transport.py", line 2211, in _check_banner
ERR [20210106-15:20:38.661] thr=13  paramiko.transport:     buf = self.packetizer.readline(timeout)
ERR [20210106-15:20:38.661] thr=13  paramiko.transport:   File "C:\ProgramData\Anaconda3\lib\site-packages\paramiko\packet.py", line 380, in readline
ERR [20210106-15:20:38.661] thr=13  paramiko.transport:     buf += self._read_timeout(timeout)
ERR [20210106-15:20:38.661] thr=13  paramiko.transport:   File "C:\ProgramData\Anaconda3\lib\site-packages\paramiko\packet.py", line 607, in _read_timeout
ERR [20210106-15:20:38.661] thr=13  paramiko.transport:     x = self.__socket.recv(128)
ERR [20210106-15:20:38.661] thr=13  paramiko.transport: ConnectionAbortedError: [WinError 10053] Se ha anulado una conexión establecida por el software en su equipo host
ERR [20210106-15:20:38.661] thr=13  paramiko.transport: 
ERR [20210106-15:20:38.661] thr=13  paramiko.transport: During handling of the above exception, another exception occurred:
ERR [20210106-15:20:38.661] thr=13  paramiko.transport: 
ERR [20210106-15:20:38.661] thr=13  paramiko.transport: Traceback (most recent call last):
ERR [20210106-15:20:38.665] thr=13  paramiko.transport:   File "C:\ProgramData\Anaconda3\lib\site-packages\paramiko\transport.py", line 2039, in run
ERR [20210106-15:20:38.666] thr=13  paramiko.transport:     self._check_banner()
ERR [20210106-15:20:38.666] thr=13  paramiko.transport:   File "C:\ProgramData\Anaconda3\lib\site-packages\paramiko\transport.py", line 2215, in _check_banner
ERR [20210106-15:20:38.666] thr=13  paramiko.transport:     raise SSHException(
ERR [20210106-15:20:38.667] thr=13  paramiko.transport: paramiko.ssh_exception.SSHException: Error reading SSH protocol banner[WinError 10053] Se ha anulado una conexión establecida por el software en su equipo host
ERR [20210106-15:20:38.667] thr=13  paramiko.transport: 
DEB [20210106-15:20:41.673] thr=14  paramiko.transport: starting thread (client mode): 0xd7d90730
DEB [20210106-15:20:41.674] thr=14  paramiko.transport: Local version/idstring: SSH-2.0-paramiko_2.7.2
ERR [20210106-15:20:41.674] thr=14  paramiko.transport: Exception: Error reading SSH protocol banner
ERR [20210106-15:20:41.677] thr=14  paramiko.transport: Traceback (most recent call last):
ERR [20210106-15:20:41.677] thr=14  paramiko.transport:   File "C:\ProgramData\Anaconda3\lib\site-packages\paramiko\transport.py", line 2211, in _check_banner
ERR [20210106-15:20:41.678] thr=14  paramiko.transport:     buf = self.packetizer.readline(timeout)
ERR [20210106-15:20:41.678] thr=14  paramiko.transport:   File "C:\ProgramData\Anaconda3\lib\site-packages\paramiko\packet.py", line 380, in readline
ERR [20210106-15:20:41.678] thr=14  paramiko.transport:     buf += self._read_timeout(timeout)
ERR [20210106-15:20:41.678] thr=14  paramiko.transport:   File "C:\ProgramData\Anaconda3\lib\site-packages\paramiko\packet.py", line 609, in _read_timeout
ERR [20210106-15:20:41.678] thr=14  paramiko.transport:     raise EOFError()
ERR [20210106-15:20:41.678] thr=14  paramiko.transport: EOFError
ERR [20210106-15:20:41.678] thr=14  paramiko.transport: 
ERR [20210106-15:20:41.678] thr=14  paramiko.transport: During handling of the above exception, another exception occurred:
ERR [20210106-15:20:41.678] thr=14  paramiko.transport: 
ERR [20210106-15:20:41.678] thr=14  paramiko.transport: Traceback (most recent call last):
ERR [20210106-15:20:41.678] thr=14  paramiko.transport:   File "C:\ProgramData\Anaconda3\lib\site-packages\paramiko\transport.py", line 2039, in run
ERR [20210106-15:20:41.678] thr=14  paramiko.transport:     self._check_banner()
ERR [20210106-15:20:41.678] thr=14  paramiko.transport:   File "C:\ProgramData\Anaconda3\lib\site-packages\paramiko\transport.py", line 2215, in _check_banner
ERR [20210106-15:20:41.678] thr=14  paramiko.transport:     raise SSHException(
ERR [20210106-15:20:41.678] thr=14  paramiko.transport: paramiko.ssh_exception.SSHException: Error reading SSH protocol banner
ERR [20210106-15:20:41.678] thr=14  paramiko.transport: 
DEB [20210106-15:20:44.688] thr=15  paramiko.transport: starting thread (client mode): 0xd7d904c0
DEB [20210106-15:20:44.688] thr=15  paramiko.transport: Local version/idstring: SSH-2.0-paramiko_2.7.2
ERR [20210106-15:20:44.688] thr=15  paramiko.transport: Exception: Error reading SSH protocol banner[WinError 10053] Se ha anulado una conexión establecida por el software en su equipo host
ERR [20210106-15:20:44.693] thr=15  paramiko.transport: Traceback (most recent call last):
ERR [20210106-15:20:44.693] thr=15  paramiko.transport:   File "C:\ProgramData\Anaconda3\lib\site-packages\paramiko\transport.py", line 2211, in _check_banner
ERR [20210106-15:20:44.693] thr=15  paramiko.transport:     buf = self.packetizer.readline(timeout)
ERR [20210106-15:20:44.693] thr=15  paramiko.transport:   File "C:\ProgramData\Anaconda3\lib\site-packages\paramiko\packet.py", line 380, in readline
ERR [20210106-15:20:44.693] thr=15  paramiko.transport:     buf += self._read_timeout(timeout)
ERR [20210106-15:20:44.693] thr=15  paramiko.transport:   File "C:\ProgramData\Anaconda3\lib\site-packages\paramiko\packet.py", line 607, in _read_timeout
ERR [20210106-15:20:44.693] thr=15  paramiko.transport:     x = self.__socket.recv(128)
ERR [20210106-15:20:44.697] thr=15  paramiko.transport: ConnectionAbortedError: [WinError 10053] Se ha anulado una conexión establecida por el software en su equipo host
ERR [20210106-15:20:44.697] thr=15  paramiko.transport: 
ERR [20210106-15:20:44.697] thr=15  paramiko.transport: During handling of the above exception, another exception occurred:
ERR [20210106-15:20:44.697] thr=15  paramiko.transport: 
ERR [20210106-15:20:44.698] thr=15  paramiko.transport: Traceback (most recent call last):
ERR [20210106-15:20:44.698] thr=15  paramiko.transport:   File "C:\ProgramData\Anaconda3\lib\site-packages\paramiko\transport.py", line 2039, in run
ERR [20210106-15:20:44.698] thr=15  paramiko.transport:     self._check_banner()
ERR [20210106-15:20:44.698] thr=15  paramiko.transport:   File "C:\ProgramData\Anaconda3\lib\site-packages\paramiko\transport.py", line 2215, in _check_banner
ERR [20210106-15:20:44.698] thr=15  paramiko.transport:     raise SSHException(
ERR [20210106-15:20:44.698] thr=15  paramiko.transport: paramiko.ssh_exception.SSHException: Error reading SSH protocol banner[WinError 10053] Se ha anulado una conexión establecida por el software en su equipo host
ERR [20210106-15:20:44.698] thr=15  paramiko.transport: 
DEB [20210106-15:20:47.705] thr=16  paramiko.transport: starting thread (client mode): 0xd7de50a0
DEB [20210106-15:20:47.706] thr=16  paramiko.transport: Local version/idstring: SSH-2.0-paramiko_2.7.2
ERR [20210106-15:20:47.706] thr=16  paramiko.transport: Exception: Error reading SSH protocol banner[WinError 10053] Se ha anulado una conexión establecida por el software en su equipo host
ERR [20210106-15:20:47.706] thr=16  paramiko.transport: Traceback (most recent call last):
ERR [20210106-15:20:47.706] thr=16  paramiko.transport:   File "C:\ProgramData\Anaconda3\lib\site-packages\paramiko\transport.py", line 2211, in _check_banner
ERR [20210106-15:20:47.706] thr=16  paramiko.transport:     buf = self.packetizer.readline(timeout)
ERR [20210106-15:20:47.706] thr=16  paramiko.transport:   File "C:\ProgramData\Anaconda3\lib\site-packages\paramiko\packet.py", line 380, in readline
ERR [20210106-15:20:47.706] thr=16  paramiko.transport:     buf += self._read_timeout(timeout)
ERR [20210106-15:20:47.706] thr=16  paramiko.transport:   File "C:\ProgramData\Anaconda3\lib\site-packages\paramiko\packet.py", line 607, in _read_timeout
ERR [20210106-15:20:47.706] thr=16  paramiko.transport:     x = self.__socket.recv(128)
ERR [20210106-15:20:47.706] thr=16  paramiko.transport: ConnectionAbortedError: [WinError 10053] Se ha anulado una conexión establecida por el software en su equipo host
ERR [20210106-15:20:47.710] thr=16  paramiko.transport: 
ERR [20210106-15:20:47.711] thr=16  paramiko.transport: During handling of the above exception, another exception occurred:
ERR [20210106-15:20:47.711] thr=16  paramiko.transport: 
ERR [20210106-15:20:47.711] thr=16  paramiko.transport: Traceback (most recent call last):
ERR [20210106-15:20:47.712] thr=16  paramiko.transport:   File "C:\ProgramData\Anaconda3\lib\site-packages\paramiko\transport.py", line 2039, in run
ERR [20210106-15:20:47.712] thr=16  paramiko.transport:     self._check_banner()
ERR [20210106-15:20:47.712] thr=16  paramiko.transport:   File "C:\ProgramData\Anaconda3\lib\site-packages\paramiko\transport.py", line 2215, in _check_banner
ERR [20210106-15:20:47.712] thr=16  paramiko.transport:     raise SSHException(
ERR [20210106-15:20:47.712] thr=16  paramiko.transport: paramiko.ssh_exception.SSHException: Error reading SSH protocol banner[WinError 10053] Se ha anulado una conexión establecida por el software en su equipo host
ERR [20210106-15:20:47.712] thr=16  paramiko.transport: 
DEB [20210106-15:20:50.718] thr=17  paramiko.transport: starting thread (client mode): 0xd7de58e0
DEB [20210106-15:20:50.719] thr=17  paramiko.transport: Local version/idstring: SSH-2.0-paramiko_2.7.2
ERR [20210106-15:20:50.720] thr=17  paramiko.transport: Exception: Error reading SSH protocol banner[WinError 10053] Se ha anulado una conexión establecida por el software en su equipo host
ERR [20210106-15:20:50.722] thr=17  paramiko.transport: Traceback (most recent call last):
ERR [20210106-15:20:50.722] thr=17  paramiko.transport:   File "C:\ProgramData\Anaconda3\lib\site-packages\paramiko\transport.py", line 2211, in _check_banner
ERR [20210106-15:20:50.722] thr=17  paramiko.transport:     buf = self.packetizer.readline(timeout)
ERR [20210106-15:20:50.723] thr=17  paramiko.transport:   File "C:\ProgramData\Anaconda3\lib\site-packages\paramiko\packet.py", line 380, in readline
ERR [20210106-15:20:50.723] thr=17  paramiko.transport:     buf += self._read_timeout(timeout)
ERR [20210106-15:20:50.723] thr=17  paramiko.transport:   File "C:\ProgramData\Anaconda3\lib\site-packages\paramiko\packet.py", line 607, in _read_timeout
ERR [20210106-15:20:50.723] thr=17  paramiko.transport:     x = self.__socket.recv(128)
ERR [20210106-15:20:50.724] thr=17  paramiko.transport: ConnectionAbortedError: [WinError 10053] Se ha anulado una conexión establecida por el software en su equipo host
ERR [20210106-15:20:50.724] thr=17  paramiko.transport: 
ERR [20210106-15:20:50.724] thr=17  paramiko.transport: During handling of the above exception, another exception occurred:
ERR [20210106-15:20:50.724] thr=17  paramiko.transport: 
ERR [20210106-15:20:50.725] thr=17  paramiko.transport: Traceback (most recent call last):
ERR [20210106-15:20:50.725] thr=17  paramiko.transport:   File "C:\ProgramData\Anaconda3\lib\site-packages\paramiko\transport.py", line 2039, in run
ERR [20210106-15:20:50.725] thr=17  paramiko.transport:     self._check_banner()
ERR [20210106-15:20:50.725] thr=17  paramiko.transport:   File "C:\ProgramData\Anaconda3\lib\site-packages\paramiko\transport.py", line 2215, in _check_banner
ERR [20210106-15:20:50.725] thr=17  paramiko.transport:     raise SSHException(
ERR [20210106-15:20:50.726] thr=17  paramiko.transport: paramiko.ssh_exception.SSHException: Error reading SSH protocol banner[WinError 10053] Se ha anulado una conexión establecida por el software en su equipo host
ERR [20210106-15:20:50.726] thr=17  paramiko.transport: 
DEB [20210106-15:20:50.727] thr=1   paramiko.transport: EOF in transport thread
DEB [20210106-15:20:50.728] thr=3   paramiko.transport: EOF in transport thread
DEB [20210106-15:20:50.729] thr=5   paramiko.transport: EOF in transport thread
DEB [20210106-15:20:50.730] thr=7   paramiko.transport: EOF in transport thread
DEB [20210106-15:20:50.732] thr=9   paramiko.transport: EOF in transport thread
DEB [20210106-15:20:50.733] thr=10  paramiko.transport: EOF in transport thread
